Aspect 0:
age:0.7569492 sex:0.5795691 gender:0.5705211 ethnicity:0.5405396 older:0.5344498 younger:0.53212 aged:0.4902879 comorbidity:0.4813712 comorbidities:0.47038513 race:0.4463693 elderly:0.43996415 charlson:0.43631685 male:0.43276003 sociodemographic:0.42197818 demographic:0.4201183 5y:0.41402626 youngest:0.4111638 comorbid:0.39545 men:0.39520147 stratified:0.39235228 demography:0.39213198 stratum:0.38853955 bmi:0.38826686 nationality:0.38351217 ethnic:0.38332364

Aspect 1:
ptsd:0.46211326 kroenke:0.45515004 phq:0.4512007 spitzer:0.44722456 posttraumatic:0.4461136 suicidality:0.43999442 depression:0.43882263 kessler:0.43528652 anxiety:0.43491477 asmundson:0.4292826 ahorsu:0.41821873 depressive:0.41202122 psychopathology:0.4055943 somatization:0.39919555 loneliness:0.39516395 beck:0.3863632 bai:0.38099214 galea:0.3776184 psychological:0.37422547 gad:0.3709545 insomnia:0.36512035 psychiatric:0.36205918 ideation:0.35817802 mamun:0.3553794 maslach:0.35220182

Aspect 2:
score:0.6989202 scoring:0.56104887 rating:0.48811904 scored:0.44380406 ranking:0.41615605 summing:0.36856624 ndcg:0.3644709 mulbsta:0.35142756 subscale:0.3511181 rated:0.34626606 subscales:0.34580806 piro:0.34425944 summed:0.34361756 wurss:0.33878082 bleu:0.33565992 dice:0.33392215 sofa:0.32942778 likert:0.32893896 rubric:0.32530916 summation:0.32234868 perplexity:0.31968063 osce:0.31864804 grading:0.3165584 das:0.31638747 glide:0.31619537

Aspect 3:
gene:0.54253954 codon:0.5167887 rscu:0.49084222 gc3:0.4543808 mutational:0.45411643 expression:0.44947922 synonymous:0.4488234 pseudogenes:0.44504488 nonsynonymous:0.43872243 coding:0.43089458 intragenic:0.424017 missense:0.4184702 cnvs:0.41682371 enc:0.41255838 allelic:0.4086761 locus:0.40827057 pseudogene:0.40618572 snvs:0.40508798 synteny:0.39882547 transversions:0.39593703 gc3s:0.39560747 mutation:0.3926352 monoallelic:0.3916818 dinucleotides:0.39090413 orthologs:0.38595575

Aspect 4:
milieu:0.47170746 adaptative:0.45676702 cascade:0.4496596 triggered:0.44962716 orchestrate:0.44087386 defense:0.4343239 trigger:0.43062982 orchestrated:0.42910516 action:0.4284971 sustains:0.42437813 insult:0.42379585 subversion:0.42378885 counteract:0.42186618 crosstalk:0.42143258 counteracting:0.42083004 disturbs:0.4177246 triggering:0.4166934 sustain:0.41553813 dysregulation:0.41476595 interplay:0.41260165 instigate:0.41181046 culminate:0.4113046 defence:0.40946162 stimulus:0.40750122 compromise:0.40648916

Aspect 5:
trainee:0.62813 staff:0.5794347 nurse:0.57106 redeployed:0.542315 intern:0.54201084 caregiver:0.5352248 carers:0.5277643 hcws:0.5151864 frontline:0.5137357 housestaff:0.51042855 physiotherapist:0.50736666 pharmacist:0.50565505 redeployment:0.5054711 preceptor:0.5023054 hcps:0.50070655 student:0.5006268 midwife:0.49516976 paramedical:0.49494785 attending:0.4945628 physician:0.49419895 counselor:0.49376565 undergraduate:0.4922972 faculty:0.4904794 supervisor:0.48903117 mentorship:0.48440886

Aspect 6:
pearson:0.49537897 moore:0.46331447 kendall:0.45539707 stewart:0.4502256 clark:0.44005278 kenny:0.4388699 spearman:0.4387899 gerber:0.43837348 peter:0.43427163 sattar:0.42978615 zimmerman:0.42928463 barry:0.4269629 palmer:0.4268181 jennings:0.42480102 knapp:0.42470628 powell:0.42232996 robinson:0.42217526 hansen:0.421227 campbell:0.4196681 dwyer:0.4182027 mitchell:0.4171365 stanton:0.41650826 greene:0.416301 keenan:0.41619843 dillon:0.41530377

Aspect 7:
approach:0.4984001 technique:0.48507106 methodology:0.48487437 method:0.46833104 tool:0.46776143 rigorous:0.45692497 sophisticated:0.43197703 methodical:0.42166287 welldesigned:0.41636196 strategy:0.41378516 largescale:0.41234505 optimisation:0.40015095 feasibility:0.3879051 practical:0.3875463 practicality:0.38288504 protocol:0.37985584 applicability:0.37625977 optimised:0.3740298 employing:0.373555 characterisation:0.3734963 amenable:0.37010914 impractical:0.36803582 rigorously:0.367886 characterization:0.36767265 comprehensive:0.36721587

Aspect 8:
nobody:0.5562916 laugh:0.5486392 embarrassing:0.5384669 scary:0.5218824 saying:0.51679873 horrible:0.51426023 hurt:0.51035345 something:0.50961983 scared:0.50364155 think:0.50237334 imagine:0.50016683 somebody:0.49985558 angry:0.4997842 unhappy:0.4944365 someone:0.4925389 everybody:0.49041948 glad:0.48853981 bored:0.48818392 absurd:0.4879065 say:0.4810801 told:0.4804682 happier:0.47903496 disapproval:0.47805953 okay:0.47561276 thing:0.47146916

Aspect 9:
perpendicular:0.46398342 along:0.4357257 plane:0.42957392 perpendicularly:0.42864466 front:0.42846382 connecting:0.40997267 coordinate:0.40613163 rectangular:0.4044717 cylindrical:0.4037913 attached:0.40203506 perimeter:0.39948586 positioned:0.395825 axis:0.39260563 cylinder:0.39027533 rectangle:0.38882047 radially:0.38822004 encircling:0.38580513 joined:0.3839749 corner:0.38362256 dragged:0.38309568 lateral:0.37932187 straight:0.37805095 broken:0.37670234 farthest:0.37599587 rounded:0.373899

Aspect 10:
tumour:0.627627 tumor:0.5795809 metastatic:0.55475706 metastasized:0.53859454 metastasis:0.5276197 carcinoma:0.51934206 resectable:0.5088359 anaplastic:0.50811905 ovarian:0.5046846 colorectal:0.50388676 resectability:0.5029228 hnscc:0.50246644 wilms:0.5017689 prostate:0.5012605 glioma:0.49719363 melanoma:0.49313974 unresectable:0.49121052 glioblastoma:0.48904723 pdac:0.48486683 sclc:0.4800616 urothelial:0.47912502 tumoral:0.47753704 premalignant:0.47620827 adenocarcinoma:0.4753042 medulloblastoma:0.47189337

Aspect 11:
ct:0.55836964 tomography:0.5068359 scan:0.47990435 naat:0.43900597 radt:0.43200827 diagnostic:0.43180895 radiography:0.43055373 naats:0.42990226 imaging:0.42644954 unenhanced:0.42538643 noncontrast:0.42313522 tomographic:0.4186907 farp:0.4175467 angiography:0.41592145 ridts:0.41497874 nats:0.40885034 rtpcr:0.40750372 mdct:0.4042316 ctpa:0.40315777 cxr:0.40313333 indeterminate:0.40161812 monoplex:0.40110707 spect:0.40069962 mpmri:0.40011978 simplexa:0.39664352

Aspect 12:
nondeterministic:0.42133063 linear:0.42041737 polynomial:0.39609525 integer:0.38436228 deterministic:0.38390732 quadratic:0.38167804 milp:0.38124043 oracle:0.36951834 piecewise:0.36393636 semantics:0.35901022 bellman:0.35455018 lasso:0.35288483 recursively:0.35189968 algebra:0.3502921 nonlinear:0.34936124 markov:0.34718013 kernel:0.342546 quantifier:0.3409764 probabilistic:0.34091678 grammar:0.33965468 algebraic:0.33899984 recursive:0.33879876 decidable:0.33385265 computation:0.33213812 rewriting:0.3321033

Aspect 13:
virus:0.52871525 paramyxovirus:0.49235952 paramyxo:0.47797084 bunya:0.46154845 coronaviruses:0.4610256 bunyavirus:0.4481025 influenza:0.4364432 rhabdovirus:0.436087 rvfv:0.43602702 covs:0.43118465 reovirus:0.43052644 arbovirus:0.42446637 orthomyxovirus:0.42404073 togaviruses:0.41607344 avian:0.41586477 paessler:0.41483438 hcov:0.4146703 togavirus:0.41355485 cchfv:0.41253498 alphavirus:0.41113502 phleboviruses:0.41027737 arenavirus:0.40987277 sindbis:0.40886414 filo:0.4084751 flavivirus:0.40783644

Aspect 14:
fev:0.7288939 fvc:0.7124243 fev1:0.6924647 spirometry:0.6272459 expiratory:0.60798407 spirometric:0.59663594 fef:0.5800004 pefr:0.5580836 dlco:0.5367765 bronchodilator:0.5348668 frc:0.5055838 copd:0.50534976 tidal:0.47212243 plethysmography:0.46629083 forced:0.4586966 inspiratory:0.4565129 feno:0.44954288 eelv:0.4483847 tlco:0.44539675 airway:0.44400403 hyperinflation:0.44157547 hyperinfl:0.43551987 spirometer:0.4342997 airfl:0.42935148 salbutamol:0.42840922

Aspect 15:
igg:0.68538743 antibody:0.64837384 igm:0.60063285 igg1:0.57864463 igg3:0.5733937 iga:0.5645008 polyclonal:0.55945563 igg2a:0.5544292 igg2:0.538092 neutralizing:0.53408486 mab:0.5331814 monoclonal:0.5319269 nabs:0.5302373 ab:0.5287709 igg2b:0.5271969 pabs:0.5218016 isotype:0.51870406 isotypes:0.50405586 igy:0.4979697 immunized:0.49720073 mabs:0.49502018 ig:0.491645 antiserum:0.4887811 iggl:0.48853523 neutralising:0.48337647

Aspect 16:
permittivity:0.35009915 capacitor:0.34910595 pzt:0.34649682 sputtering:0.34413108 dielectric:0.3409016 interferometer:0.3364601 waveguide:0.33482245 piezoelectric:0.33253425 cantilever:0.32463345 nitride:0.31702733 plasmons:0.3154119 graphite:0.3092115 crystallite:0.30688614 semiconducting:0.30543324 nanowires:0.30510384 bandgap:0.3042825 ionizer:0.30219156 reflector:0.2984566 roughness:0.29737788 flame:0.29718697 electrokinetic:0.29655302 piezo:0.2953065 oscillator:0.29386646 titania:0.29363844 electromagnetic:0.29156744

Aspect 17:
day:0.43448517 covid:0.42954066 hospitalization:0.40143374 death:0.40127325 covid19:0.39748913 hospitalisation:0.39209318 onset:0.38564485 admission:0.37703237 elapsed:0.3749345 time:0.37029064 covd:0.36972636 cumulated:0.36687562 case:0.35633165 cumulative:0.35603666 coivd:0.35059994 died:0.34778982 surge:0.34514454 confirmed:0.3412661 week:0.34121278 shortly:0.34120652 fatality:0.34005302 icu:0.3392418 stay:0.33564657 prolonged:0.33511937 pandemia:0.32888633

Aspect 18:
pygmy:0.4753524 myotis:0.4583904 spelaea:0.45730275 schreibersii:0.44473267 sympatric:0.44374382 jubatus:0.44314644 lemur:0.44072878 arboreal:0.43351203 panthera:0.42726186 familiaris:0.42716026 hematophagous:0.42694396 pipiens:0.4266004 desmodus:0.42599654 insectivorous:0.425507 varroa:0.42533606 lizard:0.424439 vespertilionid:0.42431098 rotundus:0.4237929 domesticus:0.42253786 helvum:0.42245448 parasitize:0.41941494 peromyscus:0.41836286 eidolon:0.4156535 gregarious:0.41358656 pygmaeus:0.41264173

Aspect 19:
count:0.33863288 10⁹:0.32105744 wbc:0.30438462 equates:0.275136 ul:0.27022442 total:0.2676713 laboratoryconfirmed:0.26694492 mmc:0.2599404 mm3:0.25832266 death:0.2579425 microl:0.25374448 iu:0.25359762 daily:0.24908155 dalton:0.24608663 alc:0.242302 x10:0.24147132 weighs:0.2408269 50k:0.23817684 ui:0.23442075 fatality:0.23238587 kilodaltons:0.23130065 ferritin:0.2303066 aqi:0.22801484 cmm:0.22658235 qaly:0.22526003

Aspect 20:
authorisation:0.43976206 memo:0.41952682 issuing:0.41468912 moph:0.41045496 posted:0.41032618 authorizing:0.40972334 issued:0.40399414 legislation:0.40050834 approves:0.40049353 authorised:0.3970955 delegated:0.39692867 memorandum:0.39620966 mandate:0.39453095 exemption:0.39289004 mhlw:0.39195186 waiver:0.3908882 holder:0.39071906 pursuant:0.390451 oversight:0.3903297 authorize:0.38735694 amending:0.3866434 mhra:0.38644376 congress:0.3858326 ratification:0.38452348 decree:0.38233605

Aspect 21:
creatinine:0.6493039 bun:0.63369256 creactive:0.55600446 crp:0.55190575 lactate:0.5185864 troponin:0.5175586 sbp:0.49899554 ddimer:0.49760002 microalbuminuria:0.49556884 procalcitonin:0.4937336 ctni:0.4915105 bilirubin:0.48910135 aminotransferase:0.484839 transaminase:0.48312545 proteinuria:0.48138332 ast:0.47549936 ldh:0.47486576 hematocrit:0.47206277 tbil:0.47008464 ctnt:0.4683885 urinalysis:0.4673916 creatine:0.46670902 alt:0.46628308 hscrp:0.46554962 dl:0.46435824

Aspect 22:
electroblotted:0.4396504 novex:0.43626672 electrotransferred:0.41797104 biotium:0.39930707 electroblotting:0.39716858 tricine:0.39686877 precast:0.39667413 sd:0.39610553 atto:0.39319724 schuell:0.38561684 nupage:0.38487053 chemidoc:0.37898976 fv1000:0.37692624 uvp:0.37653726 hybond:0.37467313 thermoscientific:0.37300542 immobilon:0.3723482 1ϫ:0.36978602 licor:0.369709 schleicher:0.36784855 difluoride:0.3669552 4ºc:0.36592633 shandon:0.36453745 igepal:0.35888988 tritonx:0.3583486

Aspect 23:
disease:0.56311595 patient:0.48637864 idiopathic:0.44143665 undiagnosed:0.44109783 etiology:0.42617068 autoinflammatory:0.4216072 sarcoidosis:0.42062476 rheumatic:0.420611 autoimmune:0.4173054 monogenic:0.41699886 ulcerative:0.41141334 crohn:0.40924215 diagnosed:0.40298292 rheumatologic:0.39942116 aosd:0.39923978 chronic:0.3977667 aetiology:0.39593923 arthritis:0.39502352 behcet:0.39222583 amyloidosis:0.3907125 carditis:0.3903465 pericarditis:0.39016914 colitis:0.39008588 neuropathy:0.3898822 fatal:0.38850844

Aspect 24:
sd:0.55995286 mean:0.38034305 sem:0.32560086 deviation:0.31964797 electrotransferred:0.30665457 polyacrylamide:0.30162784 interquartile:0.29992467 dodecyl:0.29805708 nonreducing:0.28900114 nupage:0.28646475 bar:0.28322217 untransformed:0.27998346 ae:0.2797861 bacmids:0.27187282 sems:0.26843426 standard:0.26340586 top10:0.26135275 nom:0.25578028 ah109:0.25557715 sap:0.2550944 transformed:0.25434893 electroblotting:0.25312093 no:0.25263104 recombinantly:0.25261506 iqr:0.2516891

Aspect 25:
minute:0.4709682 min:0.4605274 hour:0.4485621 day:0.43423828 0006g:0.4306437 month:0.4255988 week:0.4199751 ml:0.40927953 rocked:0.40578663 5min:0.39099884 centrifuged:0.3788393 μl:0.3768158 µl:0.37369603 vortexing:0.37333894 aliquot:0.37265268 2â:0.36532483 centrifugated:0.36277288 year:0.3610161 000xg:0.36099243 4ºc:0.3607023 vortexed:0.35745743 rain:0.35705715 000g:0.35523912 resuspended:0.3534773 prewarmed:0.35192662

Aspect 26:
col1a1:0.5054901 fn1:0.5039831 adiponectin:0.50383675 ctgf:0.4884895 igfbp:0.4772065 visfatin:0.47666782 mmp1:0.47153354 resistin:0.46883976 endoglin:0.46826273 vegfa:0.46324593 angpt1:0.46288925 tgfb1:0.46196195 vegfr1:0.4576941 decorin:0.45406002 igf1:0.45008284 vcam1:0.4445232 vegfr2:0.44125697 kdr:0.44052213 sdc1:0.4343906 tie1:0.43389994 gdm:0.43371844 igf2:0.43273944 rbp4:0.429161 tcf7l2:0.4290735 bmpr:0.42722812

Aspect 27:
huh7:0.50787425 a549:0.50340366 cell:0.5030718 pk15:0.5005585 hek293t:0.49462813 calu3:0.48570034 transfected:0.4853193 calu:0.48501116 hek293:0.48451787 transduced:0.48438853 hela:0.4834143 huh:0.47670674 hepg2:0.47515967 c2c12:0.47263283 heparg:0.47061265 293t:0.46733308 hff:0.46561873 jurkat:0.4651735 hek:0.46363288 hacat:0.46215323 hbec:0.4595545 h292:0.4557023 beas:0.45542657 pams:0.45449907 mdms:0.4536692

Aspect 28:
figure:0.69153774 fig:0.68978894 6a:0.6206273 3b:0.6194529 3e:0.61012757 5b:0.610006 5c:0.6092949 s2a:0.6075629 4d:0.6035124 1d:0.6032975 4c:0.6006917 s3a:0.59708714 4b:0.59178036 4a:0.5914328 s1a:0.5853914 3a:0.5831777 s3e:0.582911 s3:0.58287036 s4:0.58261406 2c:0.58228314 5a:0.58006215 s2b:0.5797297 2e:0.5764292 3f:0.5753093 s7:0.57205117

Aspect 29:
gestation:0.4999939 ewe:0.49312973 lactating:0.4901911 primiparous:0.48235136 lactation:0.47989652 heifer:0.47594392 gilt:0.45959693 parturition:0.4594998 pup:0.4566689 sow:0.44866306 dam:0.4466812 bitch:0.4461288 suckled:0.4418164 foetus:0.4412216 kitten:0.43900293 lamb:0.4388224 litter:0.4375287 prepartum:0.43583623 multiparous:0.43531337 cow:0.43412447 estrus:0.43137687 holstein:0.42813635 jills:0.42735487 newborn:0.42065555 mare:0.41990796

Aspect 30:
strong:0.31642953 antidiabetic:0.3127268 strongest:0.30501708 fat:0.2935726 hfd:0.280044 hyperlipidemic:0.2793235 dyslipidemia:0.2754623 obesity:0.27384996 fto:0.27066666 fasting:0.26151747 lipolytic:0.25928062 glycemic:0.25650686 remarkable:0.25344944 hdl:0.25338316 hyperlipidaemia:0.25037995 hypoglycemic:0.24911706 oleifera:0.24796611 theaflavin:0.24758458 t2dm:0.24403937 hyperlipidemia:0.24202198 orlistat:0.24196485 triacylglycerol:0.2399652 salutary:0.23969418 exerted:0.23932615 adipose:0.23849165

Aspect 31:
fkbp51:0.43796524 hsp70:0.4374793 hsp90:0.42520455 hsp27:0.42313826 myod:0.42166436 pias1:0.42045867 hsp40:0.3960972 cyclin:0.39378357 p21:0.3906849 hnrnp:0.38882926 junb:0.38739246 pp2a:0.38652515 socs:0.38596612 ebpβ:0.38323176 dnaj:0.38229796 pcaf:0.3815107 tip60:0.38112077 fkbp:0.37863982 hbx:0.3776457 iκb:0.37730378 ikb:0.3745152 κβ:0.3731522 coactivator:0.3726888 ciap1:0.3725431 pcbp2:0.3724928

Aspect 32:
excitability:0.6026915 sensorimotor:0.59119666 prefrontal:0.57437015 striatal:0.5728489 glutamatergic:0.5673033 hippocampal:0.55668163 parkinsonian:0.54159826 fronto:0.5411278 dopaminergic:0.5407567 midbrain:0.540447 gabaergic:0.5401665 hippocampus:0.5372562 hyperexcitability:0.53226805 serotonergic:0.52941436 cingulate:0.5290109 fmri:0.52660626 eeg:0.5265506 orbitofrontal:0.5263377 nmdar:0.5256858 excitatory:0.5253392 wakefulness:0.5241762 dopamine:0.52210546 somatosensory:0.5219315 amygdala:0.52121484 vta:0.52027035

Aspect 33:
significant:0.6119894 statistically:0.50344414 cant:0.4500064 insignificant:0.43345705 pvalue:0.40486947 nonsignificant:0.4031942 ãã:0.38005173 twosided:0.37276137 signifi:0.36740515 significance:0.35602045 0á05:0.354233 twotailed:0.35083756 substantial:0.3488354 po0:0.3451509 ͻ0:0.34274197 noticeable:0.32705283 ttest:0.32275945 signi:0.31974307 chi2:0.31215006 significative:0.31117547 tukey:0.31066322 o0:0.31053805 pvalues:0.30677631 anova:0.29969892 mwu:0.29892373

Aspect 34:
youtube:0.5616227 twitter:0.5445666 podcasts:0.52795535 instagram:0.51086795 blog:0.5095936 crawler:0.50757706 text:0.50021136 linkedin:0.49999976 facebook:0.49944368 textual:0.48733607 hashtags:0.48577088 url:0.48551863 multimedia:0.48465884 weibo:0.48280203 crawled:0.48056078 retweets:0.48020732 keyword:0.47678623 wikipedia:0.47489762 whatsapp:0.47228402 hashtag:0.47164395 broadcast:0.46868137 telegram:0.46586543 billboard:0.46259746 broadcasted:0.46153998 microblogging:0.46138686

Aspect 35:
soil:0.517254 climatic:0.5143983 crop:0.5143542 drought:0.50978935 grass:0.50916195 rainfall:0.502065 climate:0.49793682 salinity:0.4861938 grassland:0.4835981 weed:0.47994888 wetter:0.4784038 arid:0.47281688 subtropical:0.46949428 pasture:0.4690289 weather:0.4623775 cereal:0.4623621 pollution:0.46221069 habitat:0.46090162 forage:0.4585783 hay:0.45503095 pollen:0.4537859 vegetable:0.45193732 windy:0.44892955 desert:0.44852418 perennial:0.44732147

Aspect 36:
parenchymal:0.6026001 interstitial:0.58518785 parenchyma:0.58380663 alveolitis:0.5787421 peribronchiolar:0.57847434 infiltration:0.5751902 exudation:0.5721689 diffuse:0.56337357 bronchiolar:0.5539501 peribronchial:0.54993874 infiltrates:0.5472238 edema:0.5458436 interstitium:0.5402076 fibrinous:0.5386012 perivascular:0.53833795 infiltrate:0.53228545 intraalveolar:0.5288459 alveolus:0.52755374 multifocal:0.52659273 patchy:0.524077 perivenular:0.5230316 histological:0.51827395 cuffing:0.5164323 alveolar:0.5142236 lobular:0.51389146

Aspect 37:
fecl:0.5225733 concentration:0.4941472 inorganic:0.4842295 sulphide:0.4839455 chelated:0.4794705 watersoluble:0.47153115 bentonite:0.4656465 perfluorocarbon:0.46363115 nanosized:0.45639995 ammonium:0.45411026 reductant:0.45329383 sulfur:0.45192695 magnetite:0.45000282 sulfide:0.44506776 propylene:0.44437462 dissolved:0.44329286 emulsifier:0.44208777 organic:0.4391802 silicate:0.43659875 glycol:0.4364409 gaseous:0.43444058 particulate:0.43294382 monoxide:0.43204826 sulphur:0.4306339 ultrafine:0.42748952

Aspect 38:
organelle:0.43636543 autophagosomes:0.42918605 mvb:0.42327636 vesicle:0.40998417 ilvs:0.39721516 lysosome:0.3946649 autophagosomal:0.39414692 mvbs:0.39090124 autophagosome:0.38883847 microdomains:0.38143277 multivesicular:0.38100392 golgi:0.3791552 endocytic:0.37171853 raft:0.3698073 edemosomes:0.36939627 microdomain:0.3692302 autophagic:0.36654633 vacuole:0.3620026 lipid:0.35942855 exocytic:0.35777742 viroplasm:0.35651657 sphingomyelin:0.35634422 arf1:0.3550583 endosomes:0.35452116 lipidation:0.35415125

Aspect 39:
university:0.39756733 memorial:0.39686286 calgary:0.39665228 duke:0.37269217 zhengzhou:0.36595297 louisville:0.36414725 ucla:0.35843724 presbyterian:0.35668248 taichung:0.34938088 institute:0.3485279 montefiore:0.34784263 utrecht:0.34559378 nyu:0.3442905 dartmouth:0.34307334 vanderbilt:0.34157568 jude:0.33950183 flagship:0.33794293 utmb:0.33763605 università:0.33709753 galveston:0.33704337 guelph:0.33645007 permanente:0.3349434 pediatrics:0.33466414 methodist:0.33108318 antonio:0.32965958

Aspect 40:
cefotaxime:0.42904016 cefepime:0.41068047 carbapenems:0.4053123 sulbactam:0.40092188 ceftriaxone:0.39997637 cephalosporin:0.39870867 ceftazidime:0.3970859 meropenem:0.38087052 piperacillin:0.3765692 tazobactam:0.37300575 imipenem:0.3725698 amoxicillin:0.3714304 macrolides:0.36842442 clavulanate:0.36534 ciprofloxacin:0.36348087 levofloxacin:0.35986212 ertapenem:0.35944542 clindamycin:0.35660133 cefpodoxime:0.356371 quinolones:0.35172284 clavulanic:0.34992868 vancomycin:0.34849894 ampicillin:0.34701315 ticarcillin:0.345676 lactam:0.34550607

Aspect 41:
cd34:0.514861 pbpc:0.47877243 pbsc:0.4780528 platelet:0.4679172 thrombocyte:0.44838792 hematopoietic:0.44413388 pbsct:0.44382006 reinfused:0.43550563 leukocyte:0.43396497 leukemic:0.4339164 engraftment:0.42821506 marrow:0.4214796 hsc:0.41981015 leukapheresis:0.41858757 granulocyte:0.4154918 hemopoietic:0.41422513 plt:0.4129796 basophil:0.41213095 unmanipulated:0.4119686 autologous:0.40936503 erythroid:0.40784523 pbscs:0.40599418 apheresis:0.40520626 tnc:0.40391135 apbsct:0.40340284

Aspect 42:
tiredness:0.5840347 cramping:0.56614417 fatigue:0.56049055 earache:0.5591573 nausea:0.55873257 runny:0.55608404 malaise:0.5524049 headache:0.54967654 stuffy:0.5463166 breathlessness:0.5421722 soreness:0.54212606 bloating:0.5406549 pain:0.5404539 anorexia:0.5397924 appetite:0.53969634 stuffiness:0.53922343 listlessness:0.5383453 diaphoresis:0.53825796 vomiting:0.5371312 heartburn:0.53524303 retching:0.5318248 sore:0.5311252 hoarseness:0.5277307 rhinorrhea:0.52737975 symptom:0.52724266

Aspect 43:
f486:0.48690236 hace2:0.47336686 sprotein:0.46737272 k353:0.45682257 n501:0.4480778 phe486:0.44783986 lys353:0.43997395 rbd:0.4383428 asp30:0.4378453 gln493:0.4371481 q493:0.43614817 m396:0.4304691 hisg15:0.42730975 ace2:0.42294002 k31:0.4216344 6vw1:0.4169305 cov2:0.41084686 cr3022:0.4101203 rbds:0.4074455 grl0617:0.40392354 cocrystallized:0.403323 hcd26:0.4032687 cov1:0.40244132 vdw:0.40023616 80r:0.40007374

Aspect 44:
raxml:0.40708894 clustalw:0.40690917 mega6:0.40567112 mega7:0.40511477 blosum62:0.4033829 blosum:0.39948905 megasoftware:0.39923036 bioedit:0.39735866 mafft:0.3969556 parsimony:0.3932557 mega4:0.39258677 clustal:0.39064834 mega5:0.3790081 spss:0.37636906 megalign:0.37622136 phylip:0.37437904 conservancy:0.37040555 edgar:0.36581638 lasergene:0.35787982 armonk:0.35736597 alignment:0.35662004 jalview:0.35338724 spearman:0.35299134 geneious:0.3521077 dexa:0.35082027

Aspect 45:
humidifiers:0.4886806 suction:0.47374225 ventilating:0.4727004 humidification:0.46097982 resuscitator:0.45539725 ventilation:0.44564646 suctioning:0.440732 canula:0.43087167 pillow:0.42913312 gentle:0.4280784 bag:0.42725956 ambu:0.41699123 nonrebreather:0.41581887 mannequin:0.41104 pressure:0.4089465 pressurization:0.4077474 sucked:0.40674245 ventilated:0.40596724 tubing:0.4035624 evacuator:0.40297893 recirculated:0.40202 venturi:0.3948785 inlet:0.3937151 helmet:0.39357314 inflatable:0.3924976

Aspect 46:
pedv:0.33489823 ccov:0.3059274 peav:0.3030123 tcov:0.2968507 tgev:0.29666564 astv:0.29320005 cbov:0.2819567 safv:0.27721632 bkov:0.27648938 cv777:0.27424353 bocv:0.27078617 knu:0.27053833 acov:0.27004743 g14:0.26936448 pdcov:0.26923957 dr13:0.2674129 porv:0.267158 yn144:0.26451135 rvc:0.2638719 gav:0.26343232 lelystad:0.26199347 d4:0.2613499 d68:0.26130682 rva:0.26067 hastv:0.25845328

Aspect 47:
kpa:0.34216398 mmhg:0.33461753 o2:0.33209842 boronic:0.32185215 hg:0.3151559 thiadiazole:0.30117667 corey:0.28970402 dmap:0.2895967 ring:0.28746995 atm:0.28444648 biot:0.27914625 hbtu:0.27741945 och:0.27546775 thermostat:0.2749978 benzoyl:0.27294946 benzylic:0.2724307 thiophene:0.27186608 palladium:0.27087328 butyl:0.27009583 ribonucleoside:0.26808572 d3:0.26751435 halogen:0.26642352 nonnucleoside:0.2639462 celsius:0.2636754 stiff:0.26344475

Aspect 48:
attitude:0.6342821 belief:0.61062366 motivation:0.57218754 perception:0.56773925 empathy:0.54709154 perceived:0.5461664 compassion:0.5158694 organizational:0.5121864 ideology:0.51218474 thinking:0.51093704 moral:0.50681657 mistrust:0.5062077 emotion:0.4997732 awareness:0.49791107 mindset:0.49662465 altruism:0.49499673 organisational:0.49462304 mentality:0.49200058 empowerment:0.49052238 discourse:0.48896152 fear:0.48860127 interpersonal:0.48552442 behaviour:0.48365188 blame:0.48172957 coping:0.480424

Aspect 49:
gramnegative:0.5764022 acinetobacter:0.56183887 enterobacteriaceae:0.55836356 staphylococci:0.55734503 aeruginosa:0.553409 enterococcal:0.54798794 pseudomonas:0.54505014 aureus:0.5402114 staphylococcus:0.5399178 grampositive:0.5387096 uropathogens:0.53348535 multiresistant:0.53289557 baumannii:0.5323657 carbapenem:0.5303415 klebsiella:0.52951056 streptococci:0.52304494 lactamase:0.5213808 maltophilia:0.5193281 anaerobe:0.51895154 methicillinresistant:0.518574 organism:0.5163977 enterobacter:0.51478016 coagulase:0.5133078 enterococcus:0.5131395 methicillin:0.51310873

Aspect 50:
ti:0.5196469 wer:0.48089904 r:0.4700538 ty:0.45567578 phy:0.44618082 yw:0.44525063 ry:0.44130695 zy:0.429976 phys:0.42899922 frac:0.41950434 ak:0.41945726 ity:0.41778225 durch:0.41339892 bil:0.40763393 auch:0.4061856 b:0.40417325 ql:0.4030295 ea:0.39943177 tion:0.39863837 dur:0.39807504 hw:0.39403158 tho:0.39378643 ose:0.39372438 len:0.39163917 tro:0.39079306

Aspect 51:
province:0.5631435 district:0.5420178 city:0.52873564 metropolitan:0.50813574 mainland:0.50593966 megacity:0.48929548 municipality:0.48351496 populous:0.48139882 hubei:0.4753963 epicenter:0.47402835 lombardy:0.47228956 northeast:0.4716012 town:0.46875602 sicily:0.45961434 pakistan:0.45653272 ningxia:0.45578027 ecuador:0.45496678 nigeria:0.45192254 south:0.4477235 suburb:0.4456544 mongolia:0.44390893 mexico:0.44308165 india:0.44194815 lahore:0.44040763 karachi:0.43990403

Aspect 52:
dosage:0.57255495 cyclosporine:0.56550765 methylprednisolone:0.55996495 dosing:0.5585417 monotherapy:0.5566158 azathioprine:0.5486571 ciclosporin:0.5469775 sirolimus:0.54566395 highdose:0.54469967 mycophenolate:0.5365796 lowdose:0.536431 prednisone:0.5358182 hydrocortisone:0.53541416 abidol:0.5313068 mofetil:0.53016245 danazol:0.5296774 pamidronate:0.5290154 dexamethasone:0.5289359 tacrolimus:0.5269006 cyclosporin:0.5249803 methotrexate:0.5239197 mitotane:0.5211133 peginterferon:0.5205342 600mg:0.51807034 ondansetron:0.5176827

Aspect 53:
gym:0.51548296 leisure:0.49497098 recreation:0.49468985 socializing:0.4864051 shopping:0.48136818 playground:0.480977 telecommuting:0.47461718 bus:0.47023687 staying:0.466405 commuting:0.46159682 dining:0.4588276 outdoor:0.45775285 commute:0.44826314 seating:0.44812858 mall:0.44753155 cafe:0.44727066 subway:0.44580415 entertainment:0.4451998 outing:0.4423593 canteen:0.4413073 home:0.43999648 biking:0.43669626 workplace:0.43471676 venue:0.4335508 transportation:0.43304625

Aspect 54:
il:0.7439107 17a:0.61208797 interleukin:0.6103233 cytokine:0.60465986 ifnγ:0.60103345 tnf:0.6004369 12p70:0.59912014 1β:0.5888274 12p40:0.5779569 tnfα:0.57520986 th17:0.56413203 tnfa:0.5498698 17f:0.5489051 il17:0.5379928 chemokines:0.53776944 1ra:0.53204226 cxcl10:0.5302129 ccl3:0.5301842 il10:0.5275091 ccl2:0.5272851 il4:0.52445066 proinflammatory:0.5205561 cxcl8:0.51755047 ccl5:0.5138546 eotaxin:0.51088905

Aspect 55:
posterolateral:0.5403601 anterolateral:0.5398797 aortic:0.53776693 vertebral:0.5306883 interventricular:0.5251248 iliac:0.52045345 aorta:0.5156369 tibial:0.5143074 ligament:0.5141533 annulus:0.513348 tricuspid:0.5130328 femoral:0.5052953 popliteal:0.5043948 clavicle:0.5035808 fibula:0.49927464 psoas:0.4971537 metatarsal:0.4956826 ostium:0.49488062 sacral:0.4937282 brachial:0.48738843 pedicle:0.48454082 infrarenal:0.48373199 fossa:0.48333764 acetabular:0.48268265 osteotomy:0.4800242

Aspect 56:
economic:0.45716426 cost:0.44700065 revenue:0.4453479 unemployment:0.44421333 productivity:0.43185735 saving:0.42307177 premium:0.42007685 annum:0.4196376 dollar:0.4149047 investment:0.41237462 wage:0.40600994 depreciation:0.40343705 budget:0.40327138 bankruptcy:0.40322474 economy:0.40103075 spending:0.40009803 earnings:0.39890414 welfare:0.39384368 profitability:0.3932097 competitiveness:0.39296597 demand:0.39148155 gdp:0.3876921 financial:0.38746637 income:0.3870475 price:0.38664913

Aspect 57:
gastrin:0.41261914 pla2:0.41211233 trypsinogen:0.41180342 lipase:0.4095016 amylase:0.40667382 tryptase:0.40510494 cortisol:0.40480837 histamine:0.4004365 hexosaminidase:0.3961943 phospholipase:0.39086786 thyrotropin:0.38236177 pepsinogen:0.38185012 hydroxyproline:0.38006657 cysteinyl:0.3795954 ltc4:0.37937093 arachidonic:0.37722623 macroglobulin:0.37722403 bradykinin:0.36936963 adrenocorticotropic:0.3677597 aldosterone:0.36769798 kinin:0.3649983 thromboxane:0.36472 acth:0.36300108 ltb4:0.36098853 cholecystokinin:0.36068314

Aspect 58:
nt:0.5292121 untranslated:0.5092507 polya:0.5054616 utr:0.50508296 heptanucleotide:0.50129455 stemloop:0.48533654 flanking:0.48266423 utrs:0.47737765 hairpin:0.47593477 frameshift:0.47478157 nucleotide:0.47381008 intergenic:0.4665889 homopolymeric:0.4628953 intron:0.46256605 anneal:0.46240133 frameshifts:0.4616302 minusstrand:0.46128893 orf1a:0.4588548 nontranslated:0.45074263 grna:0.4496317 heptamer:0.44536328 5ј:0.4441293 trs:0.44363782 3ј:0.44247657 slippery:0.44219458

Aspect 59:
coefficient:0.6278195 poisson:0.5315398 variance:0.51262474 covariance:0.50179434 exponent:0.4916988 quadratic:0.48800772 binomial:0.468614 equation:0.46739453 autocorrelation:0.46447694 gaussian:0.45744783 parametric:0.4569262 approximation:0.45427412 approximated:0.45029995 polynomial:0.44923308 squared:0.44229177 nonlinear:0.4384144 skewness:0.43796575 stochastic:0.43629265 overdispersion:0.4352269 smoothing:0.4336974 asymptotic:0.4315745 glm:0.43017727 regression:0.42922094 eq:0.42883337 eqn:0.42754376

pt:0.43137804 heteroskedasticity:0.42949635

