Aspect 0:
version:0.7091216 copyright:0.70782006 holder:0.70515174 posted:0.7028307 review:0.70279783 june:0.7024016 peer:0.6981518 certified:0.69806206 license:0.6966811 july:0.6933588 granted:0.6910294 display:0.6899255 funder:0.68985903 http:0.6898575 september:0.68775946 condition:0.6863932 perpetuity:0.68478763 may:0.6827483 standard:0.67821205 org:0.6708362 older:0.6705587 author:0.66907823 main:0.6679914 rating:0.6672425 mouse:0.66653776

Aspect 1:
fh:0.24849197 overestimated:0.2375421 anegative:0.22048695 paly:0.22021666 prick:0.218584 tracheal:0.21694133 vo2:0.21616799 sit:0.2156649 fsh:0.21508761 steeper:0.21499379 fused:0.2135949 ssrnan:0.21016952 uro:0.20905992 thumb:0.20389882 demonstrating:0.20366317 sal:0.19837299 west:0.19793642 rotation:0.1964368 nimenya:0.19564745 mind:0.19562 territory:0.19467905 eta:0.19050863 iix:0.1892269 4hr:0.18892312 crithidia:0.18762301

Aspect 2:
il:0.64559764 level:0.37235904 serum:0.36292917 concentration:0.33443838 tnf:0.3244319 protein:0.31709474 plasma:0.31238446 elevated:0.29673702 expression:0.29196683 ifn:0.27103025 bal:0.25967377 1β:0.25624576 shorter:0.25549608 baseline:0.2494002 reactive:0.24828354 including:0.24721974 crp:0.24606305 2r:0.22914636 calf:0.2226006 iron:0.21666181 genomic:0.2128864 coronal:0.21098265 fkbp:0.20995495 inflammatory:0.20867363 bls1:0.20860015

Aspect 3:
cell:0.55531 cd4:0.46358287 cd8:0.40347707 cd34:0.38590991 count:0.36057428 day:0.3309555 number:0.31688038 expression:0.315297 neutrophil:0.3129543 peripheral:0.2969562 pgrna:0.28742558 eosinophil:0.28591326 infiltration:0.27905476 proportion:0.27808926 activation:0.26885226 platelet:0.2678034 naïve:0.26552758 nkg2:0.265123 gene:0.25499344 load:0.25113884 lymphocyte:0.24268472 inversely:0.23651761 cxcr3:0.23177782 hyperintensity:0.22651199 habitual:0.22366911

Aspect 4:
analysis:0.37603664 linear:0.34862897 revealed:0.328827 defb4:0.32447386 coefficient:0.32427073 regression:0.31637195 inverse:0.313164 showed:0.30787635 strong:0.30561763 positive:0.3047446 thumb:0.28556114 weak:0.28523076 result:0.28479636 shortness:0.2787449 moderate:0.2671238 statistical:0.26660687 indicated:0.2623118 simple:0.26216882 rank:0.25779969 significant:0.24754092 pearson:0.24349904 univariate:0.23139739 detected:0.224718 calculated:0.22401643 bivariate:0.22032572

Aspect 5:
correlation:0.62292314 relationship:0.43451238 association:0.4270221 linear:0.39600003 significant:0.37801737 weak:0.3641963 inverse:0.36330906 observed:0.3627995 found:0.35962164 revealed:0.3264237 regression:0.31831658 statistically:0.3170338 moderate:0.31212094 showed:0.31124312 strong:0.30660015 positive:0.30326095 coefficient:0.29479373 statistical:0.29172236 trend:0.29060102 detected:0.28757668 cant:0.28428322 204g:0.27369282 bivariate:0.27116573 mild:0.2694737 indicated:0.26631173

Aspect 6:
one:0.2596034 entropy:0.25734657 compared:0.25692737 group:0.241436 participant:0.2332964 tailed:0.23133983 condition:0.2264674 zip:0.22529328 computed:0.21978983 sflub:0.21959071 asia:0.2096794 test:0.20847549 178_:0.20209134 centi:0.20055723 becomes:0.19903985 solubility:0.1988543 anticipating:0.19689336 tetanic:0.19504598 engaging:0.19405091 postprandial:0.19315527 xneg:0.19262491 control:0.19180678 interior:0.18930407 le:0.18850747 lateralis:0.18361148

Aspect 7:
day:0.68862116 rho:0.49584877 size:0.46305934 spearman:0.45090568 patient:0.44648752 first:0.43922156 initial:0.43019396 group:0.40607148 control:0.39049414 ventilation:0.37453893 population:0.36600196 mechanical:0.35789958 time:0.34009185 mean:0.31507787 founding:0.30922684 year:0.3072058 median:0.30044192 noninvasive:0.29853544 subtype:0.289259 aopps:0.28882286 sofa:0.28138775 stay:0.28070158 number:0.28062493 icu:0.27833802 efficiency:0.27531567

Aspect 8:
score:0.5416971 anxiety:0.5021694 depression:0.4978857 symptom:0.4266535 higher:0.4249784 phq:0.38986957 time:0.38597885 lower:0.38416493 significantly:0.38103014 negatively:0.37931138 disease:0.37736154 stress:0.3745539 onset:0.36524743 associated:0.36225876 perceived:0.35649207 total:0.35522515 severity:0.35357624 gad:0.3532706 related:0.34938705 social:0.3468911 duration:0.3339176 scale:0.32984602 support:0.32608047 pain:0.32542473 sa:0.32510582

Aspect 9:
node:0.46441627 medrxiv:0.46238604 figure:0.46219093 data:0.46101856 network:0.4560743 pearson:0.45465478 preprint:0.44937205 spearman:0.4450543 metric:0.43889526 doi:0.43865818 holder:0.4250605 using:0.42129377 posted:0.42069143 version:0.42042142 copyright:0.4196555 license:0.41556206 may:0.40723562 virus:0.39794022 assay:0.39771912 certified:0.39707133 http:0.39553088 preprintusing:0.39473882 june:0.39201918 rank:0.390302 peer:0.38856614

Aspect 10:
correlated:0.56618583 related:0.3742272 associated:0.3204339 unimodal:0.24945867 ecad:0.23226401 calculate:0.2208885 cabin:0.21959902 methylmalonic:0.20717761 24mo:0.20078912 sarcoidosis:0.19937369 concordant:0.19675721 apoe:0.19380055 microglial:0.192918 andpphlebophyllae:0.18876725 axis:0.18705474 college:0.18629684 imperfect:0.18489723 radiologic:0.18376605 openttd:0.18204772 wavelet_hhl_glrlm_runlength:0.1773772 coad:0.1770002 twin:0.17672849 man:0.17260772 science:0.17221427 quartile:0.17075963

Aspect 11:
count:0.54532 platelet:0.47116905 ratio:0.45450035 cd4:0.44929317 eosinophil:0.43881053 lymphocyte:0.43845743 neutrophil:0.43561012 cd8:0.42532036 wbc:0.42500886 blood:0.4243754 cell:0.4211778 kg:0.4151802 peripheral:0.41181147 bmi:0.4051846 cd34:0.4000945 fio:0.3980621 infiltration:0.39776865 dnaïve:0.39416245 pao:0.39348698 drte:0.38999873 à0:0.38724214 cxcr3:0.38616055 rte:0.3858444 sputum:0.38190016 absolute:0.37707508

Aspect 12:
concentration:0.5651496 serum:0.49978822 antibody:0.4428209 plasma:0.4364249 change:0.43455648 calf:0.40427005 anti:0.3930499 gene:0.39061433 expression:0.37547767 axis:0.37265316 index:0.3710689 value:0.3706091 significantly:0.36736292 protein:0.36430258 sodium:0.3582117 urinary:0.35751894 colostral:0.35518485 first:0.34846622 titer:0.34746572 gc:0.34728253 ace:0.34582382 igg:0.3435357 also:0.34269643 bun:0.33569443 ace2:0.33482015

Aspect 13:
covid:0.76150763 case:0.70629424 per:0.68753904 death:0.6849456 mortality:0.6741121 risk:0.60713065 rate:0.60441244 county:0.5608363 fatality:0.55857086 daily:0.5470505 population:0.5322673 search:0.5299995 crisis:0.5298279 term:0.52950305 prevalence:0.521704 million:0.51718116 information:0.49787608 caput:0.4946667 supply:0.49347657 country:0.49310806 confirmed:0.4916993 infection:0.49011463 severe:0.4860407 personal:0.4724898 bcg:0.47088087

Aspect 14:
rplus:0.5606903 match:0.54623276 d5:0.4098915 d6:0.40724003 chain:0.39908904 d7:0.37481537 respectively:0.36680484 smoking:0.35747936 κand:0.34640962 mass:0.34592706 ferritin:0.33777303 body:0.33490717 automaticity:0.33093965 ldh:0.32935286 cholesterol:0.32555607 vigilance:0.32223594 lactate:0.32103038 globulin:0.31942654 α1:0.31936246 pm:0.31913903 diastolic:0.30920246 male:0.30290115 ck:0.30231822 female:0.3011416 ast:0.2990412

77

