Aspect 0:
treatment:0.5717947 prophylactic:0.5419264 inhaled:0.5410658 azithromycin:0.53147775 amantadine:0.5248532 therapeutic:0.5186481 chloroquine:0.51387644 sulfate:0.50949585 analgesic:0.50320494 application:0.500932 dosage:0.50039274 hydroxychloroquine:0.49876618 topical:0.4983596 salbutamol:0.4931272 rapamycin:0.4871121 methylprednisolone:0.48702258 completion:0.48589206 dosing:0.48490953 rescue:0.48466986 tobramycin:0.4830922 favipiravir:0.4783694 effective:0.47478533 administration:0.47272262 anticoagulation:0.4689126 cocaine:0.46824357

Aspect 1:
rotavirus:0.6182076 carriage:0.6039534 isolate:0.6036725 difficile:0.5934396 mycoplasma:0.5876718 hev:0.5837356 coronaviruses:0.5813154 229e:0.57560885 escherichia:0.575469 coli:0.5737762 influenzae:0.5694616 aureus:0.5617634 cryptosporidium:0.561044 bovine:0.5571966 staphylococcus:0.5570255 esbl:0.5548228 pathogenic:0.54937065 baumannii:0.5489489 oc43:0.5462754 oropharyngeal:0.54585797 k99:0.544863 pneumoniae:0.5444376 nl63:0.54306126 giardia:0.5392174 salmonella:0.53843987

Aspect 2:
radiological:0.45119226 hrct:0.44740543 myalgia:0.43608052 ache:0.43251836 vomiting:0.43175504 consolidation:0.42734802 tightness:0.42444763 bronchial:0.41954556 headache:0.41948593 bloody:0.41633162 rash:0.41621023 chill:0.41399458 ray:0.4094137 interstitial:0.40608853 cxr:0.40197855 throat:0.40055817 bronchiectasis:0.40048364 cough:0.39755493 dizziness:0.39574063 nausea:0.39213097 congestion:0.38822734 hoarseness:0.38800913 manifestation:0.38186154 sound:0.38148248 radiologic:0.38118017

Aspect 3:
oxide:0.33958852 souvent:0.3174302 patient:0.31572324 étaient:0.30480376 mut:0.30182502 mouse:0.28380573 âge:0.28279108 j2:0.28205508 pfpt:0.27750033 avaient:0.2736053 daughter:0.27353323 emd:0.2721965 chez:0.27155757 un:0.2713287 streptococcal:0.26926076 an:0.268849 ko:0.26781762 coronariography:0.2677228 caliciviruses:0.26699013 never:0.2659161 polymyxin:0.265606 amikacin:0.26511607 supérieur:0.26432735 plus:0.26405385 chadox1:0.2624319

Aspect 4:
wallis:0.4433323 kruskal:0.40704393 whitney:0.40591154 significant:0.40012902 mann:0.40002722 hoc:0.39284265 test:0.39085302 exact:0.38574138 asterisk:0.38338307 kruskall:0.38170162 ttest:0.3726781 tukey:0.37066382 paired:0.361511 unpaired:0.35579625 wilcoxon:0.35350168 fpv:0.34384325 nonparametric:0.34287912 mcnemar:0.33898127 pairwise:0.33585247 dunn:0.33569005 fisher:0.33505177 tailed:0.3326943 bonferroni:0.3302179 dunnett:0.32907152 symbol:0.32775873

Aspect 5:
endotracheal:0.5610549 ventilator:0.5486059 mecanical:0.5464674 mechanically:0.5437958 intubation:0.54242575 requiring:0.51679707 ventilated:0.5127341 extracorporeal:0.5084336 oxygenation:0.5075414 tracheostomy:0.50745624 requirement:0.5035342 nosocomial:0.49030375 reintubation:0.4880158 unplanned:0.4875773 mechanic:0.48293725 postoperatively:0.48253754 reoperation:0.48092255 cardiopulmonary:0.476516 tracheotomy:0.47295725 catheter:0.472628 bloodstream:0.47022474 hemodynamic:0.47010309 tracheal:0.4679033 niv:0.46251985 resuscitation:0.46248522

Aspect 6:
und:0.3617484 cvl:0.3540797 mdn:0.34966522 für:0.34320197 bei:0.3363064 disagree:0.32989153 der:0.3278056 concordant:0.31961522 rho:0.3182162 agree:0.3180685 kcal:0.317691 technology:0.3165055 r:0.31551543 tv:0.3139272 ci95:0.30914366 mit:0.306548 cohen:0.30590403 available:0.3032692 au:0.3024022 μl:0.29703447 49pg:0.2961588 auf:0.29352432 cc:0.2933099 ranged:0.29200694 vl:0.29081562

Aspect 7:
heavier:0.4849067 starter:0.47819573 oct:0.47132218 carcass:0.44433445 cow:0.4401622 bodyweight:0.4399706 kilogram:0.43384677 dmi:0.43309227 feedlot:0.41715667 greatest:0.41505954 steer:0.4131217 vp:0.40999117 consumed:0.40615845 bull:0.40193743 postweaning:0.40086153 litter:0.4000095 gained:0.39940488 premature:0.3970597 efw:0.3963629 heifer:0.3924468 wk:0.39020115 bw:0.38941416 replacer:0.38691202 apgar:0.38600022 adfi:0.38358933

Aspect 8:
fitted:0.50835824 linearity:0.5042129 forest:0.47947654 plotted:0.47848582 approximated:0.47594655 normally:0.47496656 polynomial:0.46879646 theoretical:0.4679837 autocorrelation:0.46552715 concordance:0.46210146 fitting:0.4598882 frameshifting:0.45875683 interobserver:0.45267797 icc:0.4518745 cubic:0.45169878 calibration:0.44760278 equation:0.4474451 extraction:0.44595855 calculated:0.44557616 probe:0.44513118 sequence:0.44466403 datasets:0.44401598 estimation:0.44358125 reliability:0.44098344 accurately:0.44037062

Aspect 9:
significant:0.41826886 opposite:0.3974859 might:0.3883323 striking:0.38346273 evidenced:0.37903512 irf5:0.3788864 indicative:0.37848172 pronounced:0.37399927 suggest:0.37205085 clearly:0.3712167 t2d:0.36610332 observe:0.363143 obvious:0.36286297 favour:0.36056662 mitigate:0.35802114 classical:0.35783273 oas1:0.3566518 relevant:0.3490538 emerging:0.3486402 modest:0.34423754 antioxidant:0.34413496 proinflammatory:0.34281075 varying:0.34033513 th2:0.3379286 appear:0.3371948

Aspect 10:
potassium:0.58841497 phosphate:0.5853564 haptoglobin:0.5833051 phosphorus:0.56878877 uric:0.5673904 ck:0.54422456 ammonia:0.54148936 cobalamin:0.54092836 ceruloplasmin:0.5369855 bun:0.535186 urea:0.5343474 erythrocyte:0.5286243 transferase:0.52491677 sodium:0.5231908 nitrogen:0.5218622 polymer:0.52103126 drom:0.516781 b12:0.5054382 creatine:0.5016494 serum:0.50112647 fibrinogen:0.5003873 mdrd:0.4997843 fpg:0.49763215 bicarbonate:0.49519852 phosphokinase:0.4941302

Aspect 11:
bmt:0.511706 sct:0.4960642 lt:0.4847141 transplant:0.4786 rejection:0.47776943 rf:0.47610128 autologous:0.4749375 allosct:0.47242755 hsct:0.4702034 uenced:0.46940982 efs:0.4679246 haplo:0.4637207 pbsct:0.4632366 proteinuria:0.45929122 graft:0.44957936 aplasia:0.44931188 dgf:0.44917175 marrow:0.44899517 relapsed:0.4436698 mst:0.44346845 trm:0.44206426 chemo:0.44124293 asct:0.43958664 auto:0.4374984 reactivation:0.4357099

Aspect 12:
multivariable:0.52035254 backward:0.50976914 covariates:0.4919053 stepwise:0.49175605 multivariate:0.488861 glfh:0.4706223 analysis:0.46445444 proportional:0.46377802 univariate:0.4534601 flea:0.45055562 confounders:0.4480102 contributing:0.4435166 regression:0.44164395 hierarchical:0.43759692 nonlinear:0.4365722 31y:0.43605813 independently:0.43241197 cinema:0.43146712 logistic:0.43067998 slco1b1:0.4268629 codominant:0.4250791 sociological:0.4239151 cbd:0.4233761 influencing:0.42303267 modeling:0.4217993

Aspect 13:
spending:0.50602967 distancing:0.4996457 worry:0.47643083 desire:0.47432292 household:0.4715168 staff:0.47132647 personal:0.46346873 quarantine:0.4608748 expenditure:0.45320582 willingness:0.45286435 nursing:0.45279115 work:0.45270872 occupational:0.45216942 qualification:0.45158947 employee:0.44908953 satisfaction:0.44882202 regular:0.44546205 financial:0.44458872 online:0.44319654 pharmacist:0.4421693 people:0.44165295 working:0.44081318 social:0.44004008 personnel:0.43921673 drinking:0.43520182

Aspect 14:
enrichr:0.5688034 nid1:0.5554254 tagln:0.54826075 upstream:0.54568416 uncorrected:0.53830075 hochberg:0.53419864 graphpad:0.52932936 benjamini:0.52731574 encyclopedia:0.5256194 derivative:0.5252243 terminus:0.5250143 analyze:0.5246762 v5:0.5229259 wilk:0.51939124 sigmoid:0.5189631 gpx3:0.5161603 downstream:0.51558876 shapiro:0.5127889 firefly:0.5089886 bamhi:0.50847876 hausman:0.5081893 oblique:0.50736564 ptp:0.5017411 kegg:0.50081885 software:0.5000602

Aspect 15:
smoke:0.4287562 hospitalised:0.4156776 past:0.41086984 disturbed:0.40924257 crowded:0.3968758 quit:0.3962647 reason:0.38379404 accept:0.38320243 visiting:0.3831373 sometimes:0.381352 stressed:0.37535685 smoked:0.37402695 exclusion:0.36966768 asked:0.36640847 opinion:0.36605006 cigarette:0.36451 know:0.36186564 ethnicity:0.35912013 complaint:0.35845008 basic:0.35841632 lifetime:0.35722983 mostly:0.3537169 childcare:0.35354453 coming:0.35295945 alberta:0.35004556

Aspect 16:
vat2:0.31129336 esr2:0.28248602 40µg:0.26992175 controllable:0.25465316 remodelling:0.24750684 aspart:0.2459977 drbi:0.24332207 prescriber:0.24314615 5t33mm:0.24077956 emotionally:0.23991556 1mmol:0.2376146 cpga:0.23722243 atreated:0.23546335 entero:0.23511997 prom:0.2344207 ͼ200:0.2319485 hci:0.2299069 0530h:0.22961877 superimposable:0.22943601 <num>:0.22940946 iiic:0.22904739 30yrs:0.22776067 dermal:0.22765344 xrs:0.22753745 ba9:0.22501823

Aspect 17:
rplus:0.4579186 match:0.457911 n:0.30908126 correlation:0.3084188 resolved:0.28716213 nhcq:0.28000456 noninvasive:0.278311 4l:0.27168077 owmetry:0.26745933 regionally:0.26681376 spo:0.26560244 ri:0.26284072 v:0.26166064 ds:0.26114494 normalization:0.25875658 rsp:0.25847453 82vs88:0.25787497 beyond:0.25533217 3y:0.25401926 tollip:0.25219542 dyslipidemia:0.25057045 supportive:0.24986726 pkariia:0.2486093 13ml:0.24713448 chi²:0.24651591

Aspect 18:
patient:0.48945203 rmb:0.375116 dpb1:0.37201947 mmud:0.3597356 propensity:0.34285104 urd:0.3391021 undertreated:0.33709925 opposed:0.33130857 radiologist:0.3284663 pnh:0.32011408 overtreated:0.31324708 group:0.31075597 hh:0.30745125 historical:0.30579054 ctd:0.30381602 prfa:0.30363232 made:0.3015197 c1:0.2977746 ud:0.2924217 avr:0.29238823 lne:0.29227474 f41000:0.29023996 icpm:0.29003268 discharged:0.2886446 m7:0.2870903

Aspect 19:
cd27:0.62446827 effector:0.5865595 cell:0.56817234 cd57:0.5640546 cd45ra:0.5580745 cd19:0.5546986 cd21:0.55347395 immature:0.55121446 bright:0.55040574 igd:0.54316306 mononuclear:0.5422046 dnaïve:0.54103935 naive:0.53721553 cd2:0.5308043 cd56:0.5289483 inkt:0.52596456 helper:0.52283704 rte:0.5222169 iel:0.52203393 killer:0.51986754 cd8:0.5189209 cd5:0.51772976 γδ:0.51550734 cd16:0.51461583 nkt:0.5141606

Aspect 20:
april:0.5022629 march:0.45261723 december:0.44692922 january:0.44483867 november:0.4334346 observational:0.42688185 october:0.4260813 china:0.4150169 registry:0.4108892 review:0.41024855 june:0.39686415 february:0.39456022 singapore:0.39285165 shenzhen:0.391643 july:0.3848002 multicenter:0.38308126 attributed:0.3804856 recently:0.37489396 mainland:0.37475675 retrospective:0.3709777 stemi:0.36480248 meta:0.36136132 posted:0.36088085 anderson:0.36010405 prospective:0.35726404

Aspect 21:
ventana:0.2754806 rs12896399:0.2673937 planetary:0.26633668 glu166:0.25568023 mocart:0.25468463 ionization:0.25032794 <num>:0.24921156 ict:0.24286498 macrolids:0.24205765 mpies:0.2373495 q17a:0.23344809 bmipp:0.23053004 cofi:0.2279662 hlc:0.2279298 s6s0:0.22263673 mossad:0.22230229 luxembourg:0.221234 s4a:0.22122116 akt2:0.22034827 chatting:0.21994472 wazs:0.21952204 ptpn22:0.21941769 asymptomatically:0.21928817 htk:0.21884167 ankara:0.21810757

Aspect 22:
mnps:0.2865014 baden:0.26962817 goldstandard:0.26809117 eccentrocytes:0.26438984 syncynthiumtrophoblast:0.26024675 butorphanol:0.25869337 restenosed:0.25277263 pcur:0.23572609 version:0.2335453 stringency:0.23107131 i77:0.23071578 mononoclear:0.22921568 fluosol:0.22840276 calcul:0.22651863 arrythmias:0.22531971 hed:0.22460963 metanalysis:0.22451226 polysome:0.22417864 bosp1tal1sanon:0.22352253 δlvef:0.22342339 cic320:0.22330686 microgliosis:0.22202435 twitter:0.22108239 subdistribution:0.2202944 df:0.21921797

Aspect 23:
nafld:0.5220376 acutely:0.47766018 nephropathy:0.47322476 cad:0.46559724 obesity:0.44350436 histologically:0.43277413 diabetic:0.42395443 cld:0.4182105 suspect:0.41735733 suffering:0.41311333 t2dm:0.412526 damage:0.41228837 cholestatic:0.40992963 hyperlipidemia:0.40492812 reflux:0.40144324 caa:0.39942974 sympt:0.39758533 anaemia:0.39685822 hepatitis:0.39496613 autoimmune:0.39468563 progressed:0.39339823 cvd:0.38818803 mellitus:0.38801968 deficiency:0.3872671 gi:0.38659465

Aspect 24:
c57bl:0.5178349 ccr2:0.5119944 blm:0.51041204 mouse:0.5089486 balb:0.50808823 immunized:0.49303257 vaccinated:0.47329038 protected:0.46459666 mab:0.46131212 a129:0.45660964 cd26:0.44872993 vrp:0.446069 pbanka:0.44576153 chicken:0.4368059 lethal:0.43602192 wt:0.43589395 mock:0.43558133 ko:0.43512532 vsv:0.4326893 ifnar:0.43026787 map27:0.4291271 b6:0.42855868 pb:0.4242862 allograft:0.42297888 kitten:0.42235965

Aspect 25:
más:0.49332422 como:0.49325752 un:0.49155772 han:0.49055827 este:0.48556 fue:0.48472828 ante:0.48299474 prevalencia:0.4777363 periodo:0.4758991 ingresados:0.47539732 menor:0.47409642 ser:0.47212574 distinta:0.47086674 souvent:0.4695875 diferencias:0.46938854 casos:0.46814638 edad:0.46786612 encontraron:0.4671134 previamente:0.46688747 ambulatorios:0.46678388 pacientes:0.46503592 estadísticamente:0.46431297 mortalidad:0.46363094 riesgo:0.46202606 para:0.46179944

Aspect 26:
pv:0.45497322 tg:0.4526761 opg:0.43571812 adiponectin:0.43012828 tnfr1:0.42803642 delta:0.41383544 ea:0.40919334 neopterin:0.40850812 maximal:0.40184456 adma:0.40033785 nitrite:0.4003346 epoch:0.40013552 sua:0.39899412 cystatin:0.39852858 tos:0.3937979 tnf:0.39319664 gh:0.39234018 cor:0.38987285 osteoprotegerin:0.38904682 smi:0.38602695 sao:0.38502395 secretion:0.38422376 kyn:0.3833484 leptin:0.3802982 proanp:0.37850004

Aspect 27:
uicc:0.5741969 ulceration:0.56958425 tclassification:0.56792825 pt3:0.56767845 pt4:0.5653343 extracapsular:0.5584016 thick:0.55490303 depth:0.55465806 capsular:0.5545696 epicenter:0.55085623 iliac:0.54840136 locally:0.54625034 distant:0.54565245 clark:0.54340255 rotter:0.54239464 multicentricity:0.54135907 irregular:0.53458 extramural:0.53372055 lymphovascular:0.5323694 perilesional:0.5317019 wanebo:0.5315604 tnm:0.52991 cafs:0.52971506 metachronous:0.5273969 multifocality:0.52732134

Aspect 28:
domain:0.47672102 sf:0.47501647 interference:0.45543233 hrqol:0.44741127 c30:0.41952318 sasr:0.4177062 bodily:0.41714424 decrement:0.41700736 sa:0.4144779 vitality:0.4134661 psqi:0.41053617 aging:0.40934896 ability:0.39934754 differents:0.39926738 subjective:0.3989577 qlq:0.3976214 cfq:0.39464784 subscales:0.39462388 hui3:0.3938407 stimulus:0.38979596 sgrq:0.38900533 qol:0.38818526 eortc:0.3828623 wellbeing:0.37848377 endo:0.37606397

Aspect 29:
expression:0.47911707 mrna:0.40959913 downregulated:0.39439127 upregulated:0.34954578 regulated:0.32586226 gene:0.31865573 akt:0.31535098 transfected:0.31495452 expressing:0.31397623 myc:0.31308442 transcription:0.30631077 3p:0.30625686 mx1:0.29266697 5p:0.29169443 mir:0.28518713 bcl:0.28307655 phosphorylation:0.27976453 kynurenic:0.27560675 pifn:0.27388015 tgf:0.2719804 tlr7:0.2719573 proliferation:0.27142298 camp:0.26975718 phosphorylated:0.26975146 epithelial:0.26770258

