Aspect 0:
df:0.31473386 mpfc:0.29870653 sd:0.29845524 ml:0.2740152 min:0.26406595 ci:0.2536173 year:0.25211465 v:0.24583429 trial:0.2388096 org:0.23436227 range:0.2308959 version:0.22977303 http:0.2289722 posted:0.22757676 old:0.22412679 copyright:0.22315371 machiavellianism:0.2228337 june:0.22252199 225moreover:0.22136319 holder:0.22133708 doi:0.21984404 se:0.21930206 d1:0.21280617 ctx:0.21167345 49pg:0.21125382

Aspect 1:
acc:0.38243327 g5:0.27749932 reality:0.23452514 cshb:0.23036593 sab:0.22417907 nationality:0.22097352 flora:0.2186921 gov:0.21708548 married:0.21516746 genomic:0.20811316 dorsal:0.20689853 borderline:0.20575067 faecal:0.20453295 acetabular:0.19982557 aga:0.19408321 angiopoietin:0.19385119 luminol:0.19291559 consultation:0.19015643 sustained:0.18859774 log_sigma_5_0_mm_3d_glszm_sizezonenonuniformity:0.18703046 showed:0.18586498 cta:0.1847513 tri:0.18417779 nine:0.17992586 rti:0.1795665

Aspect 2:
leopard:0.31197602 tungstate:0.22888201 ek2:0.21985304 steeper:0.21701333 smell:0.21197334 interior:0.20933715 uncertainty:0.20815676 bsi:0.20650637 ncpap:0.20614709 missing:0.2051835 mlc:0.20492125 pangolin:0.20158601 dyspnoea:0.20017834 globally:0.19913796 gc12s:0.19852766 demonstrating:0.19819431 orf1a:0.1950376 focus:0.19442882 sharing:0.19096191 12p35:0.1908399 xa:0.1892037 titration:0.18824941 echocardiographic:0.18783985 withholding:0.1874445 utr:0.18581975

Aspect 3:
pept1:0.39397472 hsa:0.35537934 sharing:0.26395538 sentinel:0.25486925 faecal:0.25442287 molizers:0.24843363 standardized:0.24018946 oos:0.2356424 27a:0.2309539 mpi:0.2286186 relevant:0.22809157 nucdna:0.22742352 suspicion:0.21609482 closure:0.21590781 genital:0.20488991 glycaemia:0.20432647 mineral:0.20289046 roughly:0.19819462 mune:0.19810101 proximal:0.19429164 japan:0.19363686 fed:0.19295076 issue:0.18977268 adjacent:0.18901375 dba:0.18800074

Aspect 4:
change:0.3174938 bacteroides:0.2613139 gc:0.25277513 serum:0.24794978 iva:0.2463212 concentration:0.24052724 value:0.23660094 axis:0.22731633 unpon:0.22716618 dkd:0.22478381 peptidase:0.22377908 selectively:0.21728572 egalitarianism:0.21420223 plasma:0.21268001 attained:0.20708677 idsa:0.20563258 bipolar:0.20156838 tropicalis:0.1998274 discovered:0.19896467 crowd:0.19619885 worsened:0.19388697 ery:0.18660992 thi:0.1857011 expression:0.18558264 first:0.18541417

Aspect 5:
significantly:0.34337658 covid:0.27926093 molecular:0.25774896 risk:0.256312 information:0.24187842 positively:0.23608983 lossinduced:0.23553559 mortality:0.23261245 le:0.23151234 participant:0.23121786 mhs:0.23093748 disease:0.23041356 per:0.22970793 important:0.22902709 increased:0.2222466 crisis:0.21906114 factor:0.21778503 considered:0.21730655 mpi:0.2140556 death:0.21355624 strongly:0.21031247 severe:0.20862174 incidence:0.20742211 platform:0.20687501 symptom:0.20658842

Aspect 6:
characterized:0.44551882 wanting:0.33488983 gln:0.3303566 fowler:0.23583116 scientific:0.21361104 transgenic:0.20842852 lfcmulti:0.20609073 pr:0.2050572 convergent:0.20130405 cpd:0.19003116 abl:0.18858477 tmg:0.18854141 benefi:0.18770231 evenly:0.18663959 r_before:0.18581963 il10:0.18541679 journalist:0.18389942 able:0.18137665 neapc:0.1809602 recall:0.18024583 coated:0.18004361 positiv:0.17911568 anomaly:0.17893755 plin2:0.17771392 ref:0.17657456

Aspect 7:
female:0.4752349 male:0.47492895 smoking:0.47313777 non:0.41445786 bia:0.4027472 sad:0.39381444 tbf:0.3901679 weight:0.38571614 wbc:0.38478917 nonsmoking:0.38122427 wc:0.38030696 cholesterol:0.37435937 chain:0.365492 d6:0.36544698 bmi:0.36470413 sex:0.3608913 d5:0.3574051 fat:0.35491246 mass:0.3540335 hdl:0.3519631 body:0.35180277 fvc:0.34987494 ast:0.34665683 fmd:0.34617692 diastolic:0.3436062

Aspect 8:
software:0.32932934 result:0.3004433 showed:0.2871167 analysis:0.2798658 univariate:0.2597037 regression:0.25590444 gene:0.2526261 conditioning:0.24729809 cfld:0.24391165 using:0.24181324 following:0.23809303 liver:0.23785809 value:0.23749372 treatment:0.23685226 demonstrated:0.2368218 show:0.2335167 post:0.23243994 mrna:0.231978 expression:0.23041463 ace2:0.22903126 similar:0.22827072 obtained:0.22813475 simple:0.22804715 sample:0.22794579 statistical:0.22773448

Aspect 9:
significant:0.31422853 drawn:0.25477365 observed:0.24828592 pathway:0.24806696 found:0.24758668 pdh:0.24292657 apparently:0.23841913 universalism:0.23624286 discovered:0.23317538 positive:0.23266642 negative:0.2312176 orf1a:0.22676031 weak:0.22164622 hadpositive:0.21417063 clot:0.21126124 sion:0.21055916 fsmk:0.20630637 strong:0.20590079 mdth:0.20485577 inverse:0.20442206 cefepime:0.20336583 onsd:0.20312598 podcasts:0.20295416 statistically:0.2021051 cgmp:0.2008578

Aspect 10:
ido1:0.73381704 unfavorable:0.25570282 maryland:0.23284332 sexual:0.21497972 day3:0.21395147 seasonal:0.20462024 c3cp:0.20349613 immunohistochemically:0.20219305 closure:0.20102656 dating:0.19953828 transsphincteric:0.19621235 psychology:0.19486731 participated:0.1929483 ecg:0.19053972 c1:0.18904446 cth:0.18877742 coated:0.1851338 engage:0.18503894 preprintin:0.18403414 anterior:0.1810509 territory:0.1787226 hemangioma:0.17784551 unique:0.17776737 mqol:0.17743146 bipolar:0.17552803

Aspect 11:
il:0.60851276 expression:0.39988995 level:0.3896379 tnf:0.35165703 protein:0.34418 ifn:0.3383447 elevated:0.32775474 shorter:0.32578522 plasma:0.32444075 1β:0.30064914 bal:0.29580772 baseline:0.2904793 reactive:0.28615984 mrna:0.27622858 including:0.27328965 gene:0.27198547 serum:0.2626532 ace2:0.26045567 cytokine:0.2590929 raggedness:0.25570777 development:0.25561592 2r:0.25506502 hyperinflation:0.2531352 time:0.25069952 crp:0.24710816

Aspect 12:
qian:0.25125027 actigraphy:0.23990653 match:0.23959969 wanting:0.23145711 alkalosis:0.22939628 antithyroidal:0.22438554 vj:0.21572001 unisensory:0.20764464 hyperinflation:0.20730755 haqi:0.20598899 ccr5:0.2059488 utilitarian:0.19543537 injection:0.1921094 rplus:0.19111723 tween:0.18737327 clarify:0.18451546 volumetric:0.18368515 kept:0.18191712 tdo:0.18149775 wage:0.18133354 imd:0.18091187 trainee:0.1791047 pf0:0.17895797 plant:0.17879486 o3:0.17868575

Aspect 13:
ido1:0.27180758 griffith:0.24193525 chilean:0.23844121 montreal:0.23458283 apetite:0.23125412 allergen:0.22121754 hsp:0.21111065 replicating:0.21005073 cytosolic:0.20964779 tiger:0.20262983 methodological:0.20239598 α6:0.20127147 1r:0.20117337 habitat:0.19865748 dysphoric:0.19819562 mobilizers:0.19335645 outlet:0.19333375 drf:0.19245383 declining:0.1912165 proteinase:0.19084865 hypoxia:0.18731031 cvd:0.18656285 pressured:0.18417785 measuring:0.18370812 unassisted:0.18344223

Aspect 14:
jugular:0.39069837 il1r2:0.2414614 podcasts:0.23868063 volumetry:0.23689935 roi1:0.22329992 scopus:0.2199858 payment:0.2198332 accountant:0.21632712 fqrs:0.2153126 match:0.21108752 eortc:0.21107942 spec:0.20739378 fieldtrip:0.20713645 anticipated:0.2022691 sharing:0.1949889 whereby:0.1944499 nine:0.189944 neuron:0.18965922 withholding:0.18928689 rplus:0.18705031 hkr:0.18508157 cppopt:0.18499644 adipose:0.1826539 kdpi:0.18262465 resistin:0.18217081

Aspect 15:
cabin:0.31873268 fpsp:0.27634227 prehba1c:0.27184892 clp:0.25183195 andpao2:0.24007037 closure:0.23499425 quadriceps:0.2340022 mtdna:0.22698179 ur:0.2148128 fowler:0.21094649 sharing:0.20561609 voice:0.20313305 veracity:0.19716194 o3:0.19008793 pole:0.18985343 rai1:0.1871031 basis:0.18652415 think:0.18569677 storing:0.184743 disc:0.18395637 reagent:0.18370894 cd138:0.18290976 alfa4:0.18165888 con:0.18143567 tuned:0.18128815

Aspect 16:
covid:0.55013525 risk:0.5207423 mortality:0.51261294 personal:0.49324444 factor:0.49061194 per:0.48691076 daily:0.47956857 death:0.4791232 prevalence:0.47871143 caput:0.478708 perceived:0.47814435 disease:0.47732708 term:0.4689588 progression:0.46858916 case:0.46809757 severe:0.44922426 symptom:0.44818777 county:0.44522431 rate:0.441308 social:0.44083694 heart:0.434269 fatality:0.42513174 search:0.4240557 assessment:0.42035782 incidence:0.42028803

Aspect 17:
count:0.49629137 cell:0.4667043 cd4:0.45578688 cd8:0.4031226 neutrophil:0.39997706 platelet:0.38022044 eosinophil:0.3701863 lymphocyte:0.36478293 peripheral:0.35709006 cd34:0.35036552 blood:0.34360722 ratio:0.33963054 infiltration:0.33123368 sputum:0.32152015 naïve:0.31549788 dnaïve:0.30731964 rte:0.30110413 cxcr3:0.3001487 activation:0.29996708 absolute:0.29899392 drte:0.2987004 pao:0.28054827 fio:0.27773494 expressing:0.26838937 kg:0.26067978

Aspect 18:
p3:0.41011572 hard:0.33260363 s5c:0.30125985 fcr:0.26648062 cabin:0.24996403 heo:0.24356532 tdo:0.23627694 hmm:0.22820014 postural:0.21099372 transsphincteric:0.20748034 ancova:0.20676425 ated:0.2061918 4e:0.20219412 devoted:0.2002469 inotropic:0.20023055 antero:0.19952773 dp:0.19803771 dimension:0.1949923 cd155:0.19469619 text:0.19176179 transplanted:0.19154195 uncertainty:0.19131225 becomes:0.1862385 cd21:0.18286675 demonstrates:0.18282363

Aspect 19:
change:0.35060152 drained:0.2276066 predicted:0.22519296 che:0.21735278 tnc:0.21727566 gwg:0.21395689 ite:0.21331912 imperfect:0.2113983 ranked:0.20676023 immobility:0.20417263 connectivity:0.2020614 1g:0.19979215 basis:0.19961758 toxin:0.19779 iat:0.19419573 tracheal:0.19015929 actigraphy:0.18770933 shapiro:0.18709037 traveller:0.1849195 booi:0.1849165 timely:0.1848284 ccl5:0.18458262 insignificantly:0.18452758 krishnan:0.18243206 anegative:0.18131974

Aspect 20:
correlation:0.3548896 piptaz:0.2751364 apo:0.26568 ligand:0.26197577 opr:0.25840214 font:0.2493976 showed:0.2462256 convergence:0.24082159 svo2:0.23933297 intensivelytwitter:0.23547453 linear:0.22884974 regression:0.22316012 esol:0.2180131 unvaccinated:0.21799308 cd14:0.21407117 4e:0.21389005 acbc:0.20983547 scopus:0.20020045 fed:0.19775873 hv:0.1972481 looking:0.19550249 intracellular:0.19541723 protocol:0.19483054 lva:0.1936895 24mo:0.19158615

Aspect 21:
doi:0.33302858 org:0.32226527 version:0.31710666 http:0.31419268 posted:0.3134637 preprint:0.3134373 medrxiv:0.30995852 holder:0.3056602 copyright:0.300372 june:0.28764695 may:0.27629757 microsatelites:0.25836957 license:0.25635016 review:0.25473574 peer:0.25322628 certified:0.25039282 july:0.24913618 nitrogen:0.24588588 september:0.23990561 display:0.23960012 trial:0.23868498 network:0.23577116 ml:0.23464245 df:0.23374704 at2r:0.2314584

Aspect 22:
entropy:0.30567604 mpi:0.2991214 group:0.28183055 estimator:0.28060108 one:0.2722764 mean:0.26556158 ccr5:0.26114962 tailed:0.24734105 suv:0.24317285 difference:0.24259579 cabin:0.238992 control:0.22624236 qsofa:0.2260159 medium:0.22439747 selectively:0.2168696 sedative:0.21670099 wheezing:0.20881692 condition:0.20870915 higher:0.2080628 remodelling:0.20522146 bile:0.2026685 il17:0.20110628 zero:0.20109838 unconditioned:0.20030582 desaturation:0.19796166

Aspect 23:
cth:0.42208576 ventricle:0.2796996 pressure:0.27448747 platelet:0.2652172 pim:0.2650643 count:0.2643489 diastolic:0.26309767 pao:0.2618847 fio:0.2616449 à0:0.26154768 systolic:0.2614709 respectively:0.255414 rightly:0.2544567 lactate:0.25066763 neutrophil:0.25047323 kg:0.25035992 r:0.24977073 chain:0.24874702 blood:0.2474445 ast:0.24645935 ratio:0.2448008 infiltration:0.2447713 globulin:0.24465147 κand:0.24452281 sputum:0.24439873

Aspect 24:
tdo:0.5011218 inin:0.313883 nicp:0.27677834 tir:0.23309565 convalescence:0.22669928 calu:0.21283561 functionalized:0.21184959 postischemic:0.2037208 explains:0.20258865 cuznsod:0.20188688 let7d:0.20110735 regim:0.19632038 gastrointestinal:0.19628367 timely:0.19248053 apc:0.1915923 bath:0.19146848 aldh1a:0.18947005 tip:0.1890678 spirometric:0.18853644 ctx:0.1882968 myelin:0.18806502 intragastric:0.18592703 effusate:0.18534628 wavelet_hll_glrlm_:0.18420967 negativ:0.18373306

Aspect 25:
bárczi:0.24803433 exploratory:0.24109817 distant:0.22498822 ventilator:0.21620995 day3:0.21137717 sb:0.20943543 linear:0.20821841 analysis:0.2022652 raid:0.19816089 hypoxaemia:0.19746673 bandwidth:0.19735992 mnean:0.19632375 nu:0.19518583 colostrum:0.1933448 25oh:0.1918903 nawm:0.18873881 siamese:0.1873592 tgfr:0.18621475 containing:0.18590215 zap:0.18585151 fiber:0.18584192 pretzel:0.18538828 mediate:0.18488479 regression:0.1834783 so:0.18100661

Aspect 26:
steeper:0.59637684 fowler:0.52890456 pf0:0.39797705 tdo:0.2399536 cialp:0.21987882 aside:0.2129987 swi:0.21203753 gynoid:0.2113345 tpo:0.20948964 hyperthyroid:0.20418544 ether:0.1990706 scat:0.19874552 p229:0.19806466 sbt:0.19799858 sb7:0.19685715 plaquenil:0.19456998 accommodation:0.19392984 apply:0.19317478 nonaerated:0.19315308 smc1b:0.19305384 photograph:0.19045636 s5a:0.18744133 aggression:0.18580419 mtt:0.18449718 tip:0.18440227

Aspect 27:
doi:0.3783316 org:0.36749312 http:0.35442573 medrxiv:0.3529256 preprint:0.3389384 posted:0.33758497 version:0.33596283 holder:0.3263902 copyright:0.31962094 june:0.3193844 may:0.30529383 license:0.2969075 july:0.28738397 review:0.28657517 peer:0.28335172 certified:0.28318012 network:0.2810392 september:0.280392 display:0.27936557 trial:0.27101645 granted:0.27080417 funder:0.26523888 df:0.2585334 ml:0.25518253 perpetuity:0.25473693

Aspect 28:
series:0.26789224 journey:0.25240362 flora:0.24565208 charisma:0.23310584 preoxygenation:0.22621846 dci:0.2217232 z5hz:0.22099848 hadpositive:0.21767853 rbp:0.21064556 du:0.20997328 geographical:0.20842546 hess:0.20328644 heschl:0.20241404 dlca:0.19675726 reg:0.18930057 fibtem:0.18617159 s4:0.18454489 timely:0.18388197 6b:0.18200314 andjournalistic:0.18095188 cdv:0.18009792 113neutralization:0.17532021 1á:0.17508686 lox:0.17502773 hay:0.17382649

Aspect 29:
covid:0.3806113 rate:0.37508398 case:0.37192196 mortality:0.3710447 death:0.35856056 per:0.3574357 daily:0.350016 county:0.33183932 fatality:0.33003122 progression:0.32938743 caput:0.32640886 prevalence:0.32383823 severe:0.3220883 population:0.32096735 increase:0.31967956 infection:0.31962496 risk:0.31675452 country:0.31428307 heart:0.3115821 factor:0.30442494 crisis:0.30116796 term:0.30057484 temperature:0.30037707 personal:0.3002967 million:0.29751188

Aspect 30:
correlated:0.3535428 plasticity:0.23252712 mgba:0.22418985 chloroform:0.22382218 related:0.22121727 ggt:0.2200659 qrt:0.21745431 maintained:0.21456322 neuronal:0.20077413 bwt:0.20006096 lf:0.19704537 s8b:0.19520754 obtain:0.18993261 nowoisky:0.18931232 insignificantly:0.18567076 prone:0.18558833 awakening:0.18428557 qiaamp:0.180978 axis:0.17988355 mabtreated:0.17836422 exophtalmometer:0.17633581 possibly:0.17623308 emg:0.17596054 ether:0.17442885 october:0.17365333

Aspect 31:
chemotherapy:0.36588913 wanting:0.27968746 risc:0.24978757 defb1:0.2388481 intrapulmonary:0.23378892 reveals:0.23008232 chemokines:0.21562457 vpw:0.21422209 pept1:0.200923 tbsa:0.20074016 missense:0.19820362 ment:0.19767654 hadpositive:0.1958637 srq:0.19417116 fetuin:0.19375375 p3:0.19316065 pertaining:0.19282883 hospitalized:0.19242918 lipoprotein:0.18988407 digestive:0.18919128 discovered:0.18918079 pppa:0.18900254 cov2:0.18889791 lal:0.18863487 ehealth:0.18831846

Aspect 32:
delta:0.63255215 codon:0.6185005 staining:0.6182614 evident:0.6166754 pfswib:0.6160754 position:0.61420083 fold:0.6131054 rbd:0.61109877 3b:0.61109173 performance:0.61076605 inharmonic:0.6107279 recently:0.61024195 normalized:0.6097599 resistance:0.60743105 checkpoint:0.6073761 stimulus:0.6068098 adaptation:0.6067928 at1:0.6061679 target:0.6054808 µm:0.60394454 epoch:0.60248685 site:0.6023103 single:0.60091096 reflects:0.6005851 transcript:0.6004082

Aspect 33:
correlation:0.29672474 valid:0.26409376 calopedos:0.23797098 retained:0.21912934 ethnicity:0.21822149 exophthalmos:0.21359092 cytarabine:0.21216914 uence:0.19498745 document:0.19460106 adopting:0.19438624 phenotypic:0.19371597 pm2:0.19174182 hct:0.19032724 randomly:0.18659517 pves:0.18654439 hbm:0.18546546 many:0.18439998 vj:0.18439206 rag:0.1830867 cngal:0.18221655 detrusor:0.18185222 ntr:0.17942555 relationship:0.17930248 cgmp:0.1768904 virally:0.17620564

Aspect 34:
expecting:0.27481425 immunosenescence:0.26577196 fowler:0.26374578 oos:0.24746747 significant:0.24561435 modestly:0.24320064 myelin:0.2384472 gallbladder:0.20790477 atopic:0.2017538 tbsa:0.20049289 sprint:0.19921735 formal:0.19806361 coincided:0.19625637 biologically:0.19053417 apparently:0.1896922 cessation:0.18952873 six:0.18923444 hemolytic:0.18905604 guessed:0.18899085 lifestyle:0.18782979 weak:0.18513219 hyperintensity:0.18383075 expense:0.18067707 inverse:0.18009566 positive:0.17761925

Aspect 35:
female:0.26045853 non:0.25774404 offset:0.24537182 six:0.24427542 male:0.23941642 adjustment:0.23606738 smoking:0.21199177 hourly:0.21111569 instantaneous:0.20188284 cpd:0.20134982 aw:0.20098272 glutathione:0.19962183 pf0:0.19644588 reliably:0.19434218 appetite:0.19361493 scl:0.19307269 cbt:0.19166219 αs:0.19012749 atp:0.1899262 dim:0.18978164 brescia:0.18818592 lincomycinresistance:0.18621811 evokin:0.18478581 aim:0.18329635 adrenal:0.18326542

Aspect 36:
elegant:0.2543763 t002with:0.22941983 cancerous:0.22427803 gmi:0.21998067 entropy:0.21840622 plausible:0.21575445 reagent:0.21475638 withholding:0.21086344 one:0.21039021 wnh:0.20546514 appearance:0.2019192 wage:0.19933513 erotic:0.19740458 officer:0.19732095 gastrointestinal:0.19652662 descending:0.19569516 tailed:0.1942274 mmrc:0.191453 tshpj:0.19037479 beyond:0.18839702 cytor:0.18555656 113neutralization:0.18286091 isolationby:0.18187353 tds:0.18158472 gut:0.18120661

Aspect 37:
ated:0.22756916 coincide:0.22632621 rpadi:0.22435974 tigit:0.22078846 ttcc:0.21889144 rapidly:0.21868116 plateau:0.21544984 habitat:0.21442854 remdesivir:0.21412417 hyperoxia:0.21252023 decomposition:0.20451126 hertl:0.20428371 ite:0.20011564 exhibiting:0.19449016 openttd:0.19423854 postponing:0.19283071 fragmentation:0.19139317 course:0.1894139 cognate:0.1890822 inproved:0.18488243 foot:0.18440834 conference:0.1837075 bcrl:0.18152538 nimenya:0.18123221 coincidence:0.18114474

Aspect 38:
il:0.37355348 tnf:0.24984956 characterized:0.24111077 basis:0.23075017 sleepiness:0.22819206 alkalosis:0.22764796 excised:0.22375038 pm:0.22359514 1β:0.22304273 endinspiration:0.22163913 gc12s:0.22059996 lvgls:0.21847288 2r:0.21425718 mackay:0.20905021 reactive:0.20774652 pancancer:0.20754018 nonzoonotics:0.20676996 therasphere:0.20586485 physiologically:0.20173886 interleukin:0.20106614 bal:0.20071462 enhancing:0.2006129 moderating:0.19989327 ifn:0.19955027 seventeen:0.19933566

Aspect 39:
acc:0.54056656 charged:0.31352752 software:0.29422033 anemia:0.24377814 adr:0.237755 cbl:0.21643192 dyspeptic:0.21077555 dmt2:0.1968217 pvi:0.19346134 vaginal:0.1920705 usually:0.19153446 mpfc:0.19104585 porphyromonas:0.19054148 noting:0.18936 favor:0.1860693 uo:0.18371062 lobar:0.18246818 coagulation:0.18215472 optimal:0.18175124 gleason:0.18098874 remdesivir:0.18082425 neapc:0.18067724 lineage:0.18060252 rs4680:0.18028161 400x10:0.1795111

Aspect 40:
pbes:0.24148148 twin:0.23530743 azathioprine:0.2311225 menopausal:0.22241086 g1670a:0.21224731 mrc:0.19877107 ideation:0.19681478 pha:0.19585246 luminol:0.19544081 reducing:0.19141965 actigraphy:0.190851 lus1:0.19021106 diluted:0.18987584 vmc:0.18731615 sto:0.1870193 solely:0.18382135 inulin:0.183429 rushton:0.18244001 trustworthiness:0.18232988 sci:0.18012282 wanting:0.17856742 familiarity:0.17621532 stabilized:0.17601608 raven:0.17350408 aggression:0.17298424

Aspect 41:
spearman:0.39001375 coefficient:0.29532748 pearson:0.2815268 pia:0.25708282 rank:0.24445325 rho:0.2440207 booi:0.21296212 divided:0.21136421 theaafs:0.21122445 charisma:0.21031147 extraglandular:0.20736615 wsn33:0.20609343 revealed:0.20566997 chose:0.20123063 echocardiographic:0.1970966 test:0.1947828 analysis:0.19377324 sma:0.19343919 sgp130:0.19197525 w4:0.19081175 perihepatic:0.18212225 sorafenib:0.18134601 harm:0.18105254 lens:0.18089563 indistinguishable:0.17984122

Aspect 42:
anxiety:0.42014465 depression:0.37173027 symptom:0.301029 social:0.27227235 support:0.26256698 score:0.25919878 alteration:0.2571918 higher:0.25385648 dp:0.23910585 time:0.23755465 perceived:0.23657522 developed:0.2356065 stress:0.23000595 lower:0.22119462 self:0.21872845 subsequemly:0.20814642 δsofa:0.20215446 anatomical:0.20019108 phq:0.20010999 middle:0.19736162 num:0.19705537 contaminated:0.19484428 6c:0.19463739 reported:0.19433299 interior:0.18974201

Aspect 43:
higher:0.44001716 mean:0.40362293 anxiety:0.39832976 depression:0.39070153 score:0.37551636 lower:0.3515118 pain:0.31445596 symptom:0.30830142 difference:0.29546866 time:0.28346378 history:0.28307912 woman:0.27989402 stress:0.2774524 phq:0.27126667 qol:0.27028495 age:0.26888862 total:0.26789522 sd:0.26618183 coping:0.26117733 support:0.2575741 statistically:0.2538321 men:0.2513919 self:0.25022137 relative:0.24660271 area:0.24544033

Aspect 44:
concentration:0.64199656 serum:0.6012851 antibody:0.4989574 calf:0.48688573 igg:0.4434932 colostral:0.4347925 level:0.42264724 sodium:0.41473258 plasma:0.41181505 bun:0.38776988 anti:0.38453403 iron:0.37641823 acid:0.369022 creatinine:0.36056915 gangliosides:0.35755417 uric:0.35600698 igm:0.34949824 sdma:0.34902287 group:0.34823257 titer:0.34384954 tn:0.34101695 urinary:0.32621008 protein:0.32107165 alt:0.3189345 albumin:0.31674224

Aspect 45:
pf0:0.4768811 gamified:0.24057871 obstruction:0.22861812 turbinate:0.21792021 southeast:0.21680783 purpose:0.2146348 awno:0.21217054 evidenced:0.20863456 markov:0.20756473 t1dm:0.20628494 sfc:0.20069171 immunosorbent:0.19372208 previously:0.19227965 linearity:0.19217649 milder:0.18949088 chloramphenicolresistance:0.18786964 instantaneous:0.18523803 travel:0.18367837 effluent:0.1832596 smell:0.18246186 wrote:0.18208668 nstemi:0.1813052 fowler:0.17986019 familiarity:0.17924905 spirometric:0.1792197

Aspect 46:
day:0.51457983 first:0.27764732 thalamic:0.252546 size:0.24571563 ventilation:0.24122919 number:0.23957218 initial:0.23884942 mechanical:0.22784708 apc:0.2266007 d34:0.22139047 qrt:0.20017725 resp:0.19557928 or:0.19529629 aw:0.19431965 2h:0.19379474 expecting:0.1932677 mine:0.19156168 blogged:0.19022 total:0.18980126 diverse:0.18940327 degenerate:0.18799995 served:0.1877774 rhinitis:0.18774955 subscore:0.18624829 glycoprotein:0.18517368

Aspect 47:
index:0.29342747 expression:0.2597347 saco:0.2506221 oos:0.24370566 semipartial:0.23428889 imd:0.23020077 predicted:0.23003623 gene:0.2259807 mixture:0.22579876 accordance:0.22536445 volume:0.22328974 resistin:0.22309428 manuscript:0.22282958 axis:0.22037953 estimator:0.21759398 second:0.21218231 along:0.21116278 hbdh:0.2104665 fev1:0.20971337 n18:0.20904127 ace:0.20852122 gc:0.20734785 lacz:0.206595 coincidence:0.2062236 position:0.20595923

Aspect 48:
day:0.4582437 number:0.4261865 size:0.3902068 initial:0.37994468 population:0.37510562 cd34:0.37170434 cell:0.35163718 patient:0.3430575 cd8:0.33584297 ventilation:0.32925397 cd4:0.3288733 founding:0.32164514 proportion:0.321632 infection:0.319416 mechanical:0.319267 count:0.3155985 infiltration:0.3094159 platelet:0.30698088 total:0.3057094 recovery:0.30489093 peripheral:0.2999059 cxcr3:0.29833052 eosinophil:0.29635403 case:0.29427183 first:0.29378325

Aspect 49:
ahs:0.57867897 cabin:0.43845564 ara:0.26420417 r5hz:0.2572759 z5hz:0.25031638 coa:0.23589346 incoming:0.23554516 proven:0.23110951 unconditioned:0.22650197 equilibrium:0.2256805 µu:0.22488798 altitude:0.22122955 southeast:0.21962158 vasodilation:0.21822226 th17:0.20163572 reg:0.20094669 ncls:0.20090508 ber:0.19301862 tech:0.19248559 nonvolunteers:0.19105674 subscore:0.18491387 vep:0.18398193 smm:0.18312894 milder:0.17979407 august:0.17858008

Aspect 50:
score:0.45907247 total:0.2571569 domain:0.24984741 magnesium:0.2376814 affirmative:0.23406518 anxiety:0.22774333 provisional:0.22165161 cfq:0.21974161 psychology:0.21853295 ber:0.21799809 depression:0.2133675 scale:0.21174887 respiratory:0.20143399 vegfr2:0.20036678 interview:0.19976997 predicted:0.19902848 phq:0.19689114 gad:0.19624597 hcc:0.1958002 negatively:0.19480279 ct:0.19425306 enforcement:0.19406725 metaanalysis:0.1938959 vpa:0.192527 frontiersin:0.19088472

Aspect 51:
august:0.27704892 telework:0.24042743 cov2:0.22145134 viewing:0.22068647 negatively:0.22012758 eighteen:0.21619788 plasmid:0.2113714 positively:0.2079754 urd:0.20705384 hyperimmune:0.20668098 dlca:0.20153746 cell:0.20063913 ventrieular:0.1988573 represented:0.19689712 switching:0.19474256 calculating:0.19455786 phosphorus:0.19360845 punitiveness:0.19247788 hub:0.1922057 axis:0.19166341 proneness:0.19069709 miss:0.18949984 cd4:0.18778683 expression:0.18624504 probe:0.18442634

Aspect 52:
exophthalmos:0.40495682 cabin:0.39281285 chemotherapy:0.37642986 fcr:0.32716838 hertl:0.27677804 uence:0.25026506 six:0.23380949 agegroups:0.23281328 wall:0.23180684 uncertainty:0.22590818 12mo:0.22007999 truth:0.21751451 evenness:0.20660202 av:0.20394923 dysphoric:0.20142955 orgogozo:0.20127118 fsh:0.19722256 drained:0.19558722 covary:0.19283494 equilibrium:0.19274867 inferior:0.18893841 apparatus:0.18300861 lyta:0.18202896 gamified:0.17994475 hdlcholesterol:0.1755183

Aspect 53:
correlated:0.40209383 associated:0.32695967 related:0.2887532 coagulation:0.24183008 μl:0.22292739 evidenced:0.22215429 dan:0.21955684 nmsv:0.2183735 subscore:0.2152552 noting:0.21264206 dyspnoea:0.20487416 nitrate:0.20433912 membranous:0.20313981 prince:0.20291305 hbcigm:0.20260975 reducing:0.20231904 platform:0.19893384 30µv:0.19754735 aim:0.19542491 nox:0.19493873 raid:0.19483961 parvum:0.19410533 mef50:0.19186863 10th:0.19161665 latitudinal:0.19138473

Aspect 54:
alb:0.25821462 cell:0.24127255 lvgls:0.22853589 picco:0.22758296 ff:0.22314921 mrf:0.21920946 whalen:0.21751428 fibtem:0.21212292 cvd:0.20365168 allo:0.20076317 orgogozo:0.19835606 19cm:0.1952848 smell:0.19524813 pba:0.19412419 cd4:0.19208652 stained:0.19151905 killing:0.18618438 fixedeffects:0.18560669 nicp:0.18426415 estimator:0.18389001 insofar:0.18375614 caecum:0.18311185 mirror:0.18288715 appreciable:0.18266663 corticosteroid:0.18009195

Aspect 55:
compared:0.47579822 d1:0.33062914 control:0.3006724 d2:0.2877993 group:0.28623778 d4:0.27151585 d3:0.25588208 ns1:0.24027598 distance:0.2286278 uence:0.21982385 isolating:0.21651085 fap:0.21569876 downloads:0.21372826 auto:0.20363751 subtracting:0.19910641 osce:0.1988216 bpd:0.1967951 juvenile:0.1939361 nf1:0.1912419 cftr:0.19109766 agvhd:0.19090895 peptidase:0.18951805 euclidean:0.1892083 acceptable:0.18825775 immunol:0.18516329

Aspect 56:
correlation:0.3639816 lds:0.26151517 ttce:0.25346857 closing:0.24675685 pocket:0.2374883 immunodominant:0.2369591 incorporated:0.2287597 relationship:0.22718377 found:0.2185768 factor2:0.21661139 observed:0.2151627 association:0.21233413 quartile:0.21110904 seaport:0.21069035 dcq:0.20370148 eosino:0.20208603 labrador:0.1987046 serological:0.19808137 regional:0.19729652 seropositive:0.19496453 traffic:0.19241826 statistically:0.19198233 iauc:0.19168517 heo:0.19151272 iadl:0.18980846

Aspect 57:
female:0.3255265 rplus:0.32399088 male:0.31866026 smoking:0.3050518 non:0.28658667 guessed:0.27935413 match:0.2733508 apps:0.27267143 adalimumab:0.2496585 wbc:0.24643515 rpl32:0.24478573 bia:0.24044941 sad:0.23090862 tbf:0.23064288 hsa:0.22850123 nonsmoking:0.22804455 avoidant:0.2262891 wc:0.21758407 d5:0.21724509 respectively:0.21509014 create:0.21473396 chain:0.21384227 nmsv:0.2132688 d6:0.21322656 bmi:0.21262664

Aspect 58:
aff:0.21713558 version:0.2155526 disturbed:0.2150617 epm:0.21315864 holder:0.20817265 posted:0.20766532 copyright:0.20727545 223assuming:0.20597708 ugi:0.2059317 sd:0.20581636 df:0.2049753 brotezomib:0.20362285 acidosis:0.20252144 org:0.20055535 wasting:0.19958232 http:0.19811583 doi:0.1952469 preprint:0.19417638 neutralisation:0.1907182 unipolar:0.19043733 june:0.1893864 furosemide:0.18904477 lonely:0.18831371 ml:0.18808946 medrxiv:0.18741392

Aspect 59:
rplus:0.33787388 syndecan:0.27931863 respectively:0.26776844 match:0.26658165 d6:0.26213783 chain:0.25947958 d5:0.25709343 pm:0.25340354 d7:0.24866661 colleague:0.24470522 ldh:0.23800316 illness:0.23676468 κand:0.23654738 automaticity:0.23442091 ferritin:0.23321445 intraoperative:0.23216996 globulin:0.23196028 vigilance:0.23151848 α1:0.23027119 protect:0.22894773 mass:0.22607078 1β:0.22564101 idsa:0.22426282 lactate:0.22402164 nlr:0.21925958

1815714

