Aspect 0:
ml:0.7059475 µg:0.63621086 μg:0.6307041 lg:0.62083125 ug:0.6091639 mg:0.5706313 µl:0.546278 concentration:0.54147255 ng:0.5341116 μl:0.5336431 pg:0.5291822 mmol:0.5207113 µmol:0.5191137 pmol:0.51819974 nmol:0.50978506 diluted:0.49948275 iu:0.49409088 rnl:0.48306018 nahco:0.47711772 lmol:0.47628075 milliliter:0.4749209 nahco3:0.46573907 dissolved:0.46374094 5ml:0.46212453 conc:0.46005702

Aspect 1:
score:0.8804362 scoring:0.67755556 scored:0.5914184 rating:0.53655183 subscale:0.49297994 sofa:0.4742022 mulbsta:0.45754838 subscales:0.45030808 wurss:0.44036388 apache:0.43723106 phq:0.43566543 rated:0.43094808 das:0.42546815 news2:0.42543864 qsofa:0.42306697 summed:0.41754383 grading:0.40191698 cfq:0.4018948 pedsql:0.40110984 qmean:0.39857742 summing:0.39852983 promis:0.39788854 mew:0.39291653 sgrq:0.39204478 ranking:0.3913657

Aspect 2:
v:0.8016705 versus:0.6786275 respectively:0.49435532 p00:0.45987162 95ci:0.45368415 ci95:0.4418732 aor:0.4262097 iqr:0.4145766 ic95:0.41001585 mmud:0.38055977 ci:0.37891454 compared:0.37844235 à0:0.37450027 o0:0.36047167 po0:0.3561771 ranged:0.34113273 nonusers:0.33735758 x10:0.32295677 9x10:0.32273477 pg0:0.3206647 group2:0.31108397 bucy:0.30810294 gcpatients:0.30723137 χ²:0.30650482 verse:0.302288

Aspect 3:
significant:0.78029 insignificant:0.5582495 cant:0.5428877 substantial:0.5379118 statistically:0.48458722 considerable:0.45457983 noticeable:0.4460578 significative:0.43468317 dramatic:0.43213698 notable:0.41245043 appreciable:0.40186453 modest:0.40175205 nonsignificant:0.39744452 greatest:0.38501862 remarkable:0.3819107 signifi:0.37854242 marked:0.37050393 obvious:0.36642852 huge:0.36555845 tremendous:0.3645736 major:0.3610831 pronounced:0.35230783 slight:0.35086775 biggest:0.35052 signi:0.34506094

Aspect 4:
il:0.7910857 interleukin:0.73012173 1β:0.71204746 tnf:0.70911324 tnfα:0.6771043 tnfa:0.6607225 12p40:0.64511395 17a:0.6410068 12p70:0.6378437 1ra:0.6266115 il6:0.62567925 cytokine:0.6246146 1ß:0.6236322 cxcl8:0.6234833 il1:0.61244166 eotaxin:0.6085933 ccl5:0.6079548 ccl2:0.60781884 il10:0.60489196 cxcl10:0.60161847 cxcl1:0.59792614 chemokines:0.5919458 tgf:0.5907228 ifnγ:0.58935267 cxcl:0.58773744

Aspect 5:
<unk>:0.8950582 spoilage:0.115196645 spoiled:0.11453587 foodstuff:0.109433495 blight:0.10925672 food:0.10806361 refi:0.10798987 nement:0.1026952 tank:0.1021339 browse:0.09981929 mint:0.08840589 bottled:0.08835891 allowed:0.08577261 refrigeration:0.08484123 suffi:0.08160596 bug:0.08045439 grain:0.0789676 menu:0.07809161 dirt:0.07470003 keeper:0.07385774 stuff:0.073550865 buck:0.073192276 settled:0.072876856 soup:0.072298326 catch:0.07175877

Aspect 6:
day:0.78246987 week:0.7195188 hour:0.5937066 month:0.5839933 wk:0.5095693 lasted:0.470821 morning:0.4418814 afternoon:0.43767217 24h:0.42981616 fortnight:0.42916515 monday:0.42521232 minute:0.42317188 weekly:0.41873094 evening:0.41692913 daily:0.40810204 period:0.40413973 elapse:0.4027674 thursday:0.40153837 shortly:0.4000317 24hrs:0.39974788 friday:0.3976794 subsided:0.3953718 thereafter:0.39266253 night:0.38865513 wednesday:0.3835526

Aspect 7:
mouse:0.7441737 balb:0.67430407 c57bl:0.6701468 bl6:0.6069351 6j:0.6039146 c57bl6:0.5857839 c57:0.5774565 rat:0.5742793 nmri:0.57118213 c57b1:0.5347514 intraperitoneally:0.53425217 a129:0.53285503 c3h:0.53245234 intracranially:0.5320168 mouseadapted:0.52626616 albino:0.5245371 intracerebrally:0.51793045 fvb:0.51738894 ag129:0.5151149 b6:0.512808 nude:0.5084176 hej:0.50326073 intranasally:0.5010853 hamster:0.49725217 intraperitoneal:0.49722365

Aspect 8:
ci:0.73315585 confidence:0.49951118 dence:0.39421976 rr:0.39324218 trans:0.37765577 aor:0.36848685 rrr:0.36767942 cri:0.36179385 credible:0.3452869 rrs:0.34189257 interval:0.33140934 ci95:0.32814175 odds:0.32605645 golgin:0.32185495 ror:0.31421015 hr:0.31333303 or:0.31191164 arr:0.30543455 smd:0.300118 prolyl:0.29998267 clopper:0.29928994 i²:0.29154557 nfi:0.28837898 isomerization:0.28289485 95ci:0.27973396

Aspect 9:
bartonellosis:0.2928656 dermatophytosis:0.26645017 cholangiohepatitis:0.249418 cytologic:0.23982039 cytology:0.23719446 sporotrichosis:0.23668991 photosensitization:0.22685213 endophthalmitis:0.2214147 hyphema:0.22121397 toxicologic:0.2198312 neoplasia:0.21786931 hyperadrenocorticism:0.21750006 antemortem:0.2155096 envenomation:0.21228018 hyperglobulinemia:0.211404 fascioliasis:0.21096459 insulinoma:0.20837969 lymphosarcoma:0.20820883 chylous:0.20708609 rattlesnake:0.20695254 leishmaniosis:0.2029436 canl:0.2025166 lymphangiectasia:0.20205316 abomasitis:0.20125832 uveal:0.20121033

Aspect 10:
regression:0.7573276 logistic:0.7499995 multivariate:0.74724513 multivariable:0.72118247 univariate:0.7117882 univariable:0.6408414 bivariate:0.6376592 bivariable:0.60157 covariates:0.5942596 covariate:0.58820033 multinomial:0.58814484 glm:0.5666845 logit:0.55617297 tobit:0.55433786 glmm:0.55092406 stepwise:0.5376321 gee:0.5353266 multilevel:0.5208108 linear:0.5124539 probit:0.5057136 lasso:0.5056027 covariables:0.49358386 unadjusted:0.4907603 variate:0.48806542 ancova:0.48255372

Aspect 11:
rhinovirus:0.5721042 wheezing:0.5626694 rsv:0.557356 urtis:0.5541681 wheezy:0.54748863 croup:0.531602 laryngotracheobronchitis:0.523914 rtis:0.5145177 wheeze:0.504129 rti:0.49783552 lrtis:0.4976284 influenzae:0.49750414 hrv:0.49616143 catarrhalis:0.49584502 pneumoniae:0.49045083 pharyngitis:0.48806906 hrvs:0.48576036 piv:0.4830438 urti:0.47770745 aom:0.4770996 pivs:0.47365582 toddler:0.470987 parainfluenza:0.46994948 codetected:0.4659645 rhinorrhea:0.46423954

Aspect 12:
calf:0.7782121 sow:0.68378824 cattle:0.6775325 piglet:0.6748671 cow:0.6698276 heifer:0.65870684 dairy:0.6572263 lamb:0.65429926 feedlot:0.63700205 farm:0.63556135 fattening:0.6221853 pig:0.6204838 preweaned:0.61808 beef:0.61507785 veal:0.60615945 ewe:0.60220426 ranch:0.6011336 puppy:0.5951688 ruminant:0.5933996 kitten:0.5872393 preweaning:0.5865421 broiler:0.581761 flock:0.58095527 colostrum:0.58020043 postweaning:0.5777983

Aspect 13:
fossa:0.645598 midline:0.64145255 auricle:0.6377481 ventrally:0.63138855 compressing:0.6285673 paravertebral:0.6273227 anterior:0.62583566 cranial:0.62102187 medial:0.6186445 dorsal:0.6172738 dorsally:0.61309195 scapular:0.6102064 caudal:0.60994637 sternum:0.6093451 incised:0.60928106 transverse:0.6089344 atrium:0.60650545 retrosternal:0.60648036 inferiorly:0.60617256 ipsilateral:0.60549825 sacrum:0.60140204 mediastinum:0.6012515 ventral:0.60105526 anteriorly:0.5977433 clavicle:0.59760964

Aspect 14:
caloric:0.22694016 peep:0.19380443 bohr:0.19335082 hfov:0.18254092 transpiration:0.18236265 tidal:0.1808866 tension:0.18046054 thermoregulation:0.18009707 nava:0.17593294 thermoregulatory:0.16770035 volutrauma:0.16613223 preload:0.164853 cpap:0.1598905 eelv:0.15818939 transpulmonary:0.15631609 sweetener:0.15522276 ventilatory:0.1529677 inspiratory:0.15292111 cmh:0.15268603 hfjv:0.1521323 calorie:0.15087321 afterload:0.15086296 tone:0.14995041 hyperventilation:0.1485799 energetics:0.148346

Aspect 15:
hypervariable:0.4709208 nonamer:0.4111867 haplotype:0.40466595 cdr3:0.40390307 nucleotide:0.40230912 orf:0.39440715 sequence:0.3932662 nonsynonymous:0.39299905 amino:0.39132386 flanking:0.39097714 codon:0.3849635 p2:0.3826208 allele:0.3805678 basepair:0.37942153 orf1ab:0.37156475 orfs:0.3704597 polymorphic:0.36939913 cdr2:0.3693741 terminus:0.3688771 residue:0.3679567 p1:0.36681187 mutated:0.3661896 p3:0.36463678 conserved:0.3636221 hcdr3:0.3620553

Aspect 16:
significance:0.6013404 statistical:0.597043 twotailed:0.50812644 twosided:0.507212 bonferroni:0.4952655 welch:0.48991632 inferential:0.46497416 levene:0.45607102 instat:0.4551369 test:0.44822747 paired:0.44431645 diagnostic:0.43884712 ttest:0.436747 posthoc:0.43673587 sidak:0.4365189 whitney:0.4355971 keuls:0.43511885 unpaired:0.4331448 cance:0.42876375 mcnemar:0.42711648 tailed:0.42650926 sample:0.4256807 exact:0.42415416 smirnov:0.42316383 chisquare:0.42207164

Aspect 17:
employee:0.6236786 employer:0.6213646 teacher:0.6120403 citizen:0.60861075 profession:0.6059661 educator:0.599094 administrator:0.59892714 supervisor:0.595375 professional:0.5953502 volunteering:0.5950347 counselor:0.5888741 consumer:0.588214 police:0.5825604 interviewee:0.5817285 government:0.5737674 asking:0.57313836 practicing:0.5730595 education:0.567016 psychologist:0.56472427 respondent:0.56448334 job:0.5639385 personally:0.56297386 business:0.5589682 provider:0.5581274 officer:0.5578406

Aspect 18:
case:0.6674173 fatality:0.5107544 india:0.44181132 mainland:0.43686685 province:0.43548417 outbreak:0.4300602 sporadic:0.42473292 maharashtra:0.42171228 nigeria:0.41855174 iran:0.4169045 algeria:0.41131857 imported:0.40919113 incidence:0.40568995 importation:0.40540087 south:0.4022178 kerala:0.40074092 cfr:0.3981343 cfrs:0.3943103 mexico:0.39314997 unreported:0.39040276 autochthonous:0.38986886 bangladesh:0.3893597 casefatality:0.38723123 country:0.3870977 pakistan:0.38535038

Aspect 19:
group:0.8414837 subgroup:0.45632297 group1:0.33277053 sham:0.30556986 intergroup:0.3000105 grouping:0.29273564 category:0.2782159 grouped:0.27722007 belonged:0.27653426 placebo:0.27069247 csg:0.26551583 cont:0.26413593 torovirinae:0.2592402 orthocoronavirinae:0.25636387 enbrel:0.25601974 group2:0.2543136 divided:0.25419652 assigned:0.2538218 arm:0.24617852 pneumoviridae:0.24446431 nonvaccinated:0.24159072 subclades:0.2386582 seeder:0.23794787 exocyclic:0.23526725 belong:0.23214084

Aspect 20:
year:0.6180229 yr:0.5039031 actuarial:0.45590222 decade:0.44954398 month:0.43572456 aml:0.39902034 allosct:0.3977159 sct:0.39652932 1year:0.39238256 o:0.39190805 relapsed:0.38478744 pfs:0.38367522 efs:0.37772018 dfs:0.3766944 asct:0.37274 retransplantation:0.36782432 allohct:0.36288774 allohsct:0.35077608 hscts:0.35070032 upfront:0.34493086 hsct:0.34392864 yearly:0.34247327 dli:0.34230572 olt:0.34145707 triennial:0.3395275

Aspect 21:
patient:0.8021637 child:0.4595045 19patients:0.43987793 pt:0.43674803 patiens:0.4326856 subject:0.43171224 ktrs:0.3948982 pediatric:0.3947816 paediatric:0.3852808 participant:0.3816864 sufferer:0.3761184 outpatient:0.3715496 tients:0.3690021 woman:0.36687237 diagnosed:0.36222273 parturients:0.361514 preoperatively:0.35594815 probands:0.3558663 inpatient:0.3554015 ahsct:0.35482204 infant:0.3443183 neonate:0.33273324 retrospectively:0.332041 boy:0.3288566 girl:0.32397035

Aspect 22:
holder:0.3624705 acrylonitrile:0.31746638 http:0.3101133 posted:0.3029504 doi:0.2985098 figshare:0.2947976 biorxiv:0.2940684 preprint:0.29192 org:0.29142302 inthe:0.2890232 s16:0.28679013 polyamide:0.28498697 zenodo:0.28451258 com:0.2772176 optionally:0.2731062 stereo:0.27042568 etd:0.26887804 copyright:0.26658538 linkers:0.26594707 setup:0.263893 visualizer:0.26346862 orthogonally:0.2630068 version:0.26279247 appended:0.2624005 covasim:0.26071414

Aspect 23:
mean:0.8124088 interquartile:0.545455 deviation:0.5395975 average:0.5220783 median:0.5207747 sd:0.46659082 geometric:0.4409737 iqr:0.43168733 arithmetic:0.43047044 averaged:0.4223966 sem:0.39751402 75th:0.38323253 iqrs:0.37763572 range:0.3522075 interpolated:0.3400197 averaging:0.33219838 bar:0.3305933 aswhere:0.33043158 calculated:0.32927448 histogram:0.32861388 logarithmically:0.32423255 minimum:0.32272792 maximum:0.3225109 subtracting:0.31880912 ranged:0.3178758

Aspect 24:
correlation:0.7966943 spearman:0.60460097 pearson:0.5859948 coefficient:0.48736656 kendall:0.42981347 association:0.41137952 intraclass:0.4099889 relationship:0.40519118 concordance:0.39195085 coeffi:0.38255507 correlational:0.35341543 correlated:0.35204476 collinearity:0.34945956 r²:0.3389182 autocorrelation:0.33388376 inverse:0.32924217 autocorrelations:0.32721972 scatterplots:0.32290357 correlative:0.31980845 dissimilarity:0.31737006 altman:0.3151824 fleiss:0.3151365 discriminant:0.31236005 corr:0.31235582 scatterplot:0.31103224

Aspect 25:
cell:0.7825911 lymphocyte:0.59647 ceils:0.5672009 cd4:0.52517605 thymocytes:0.5186769 tcells:0.5163776 ceil:0.51522255 cd8:0.50858104 cd19:0.4982097 nk:0.49736905 ctls:0.49274522 cd3:0.4922799 lymphoblast:0.47690165 iel:0.47093147 bcells:0.47082156 iels:0.4703086 tcell:0.4691862 cd45ro:0.45941505 cd45ra:0.45159793 cytotoxic:0.45079547 monocyte:0.45044735 leukocyte:0.45022598 cd56:0.44869637 cocultured:0.44197205 cd4þ:0.43899512

Aspect 26:
expression:0.65122294 overexpression:0.5759039 overexpressed:0.55532646 knockdown:0.5261123 mrna:0.51638705 gene:0.515393 silencing:0.50674427 transcriptional:0.50634134 coexpression:0.4867751 downregulated:0.48387623 ymdb:0.48353288 overexpressing:0.47774673 transcript:0.47483894 promoter:0.47315237 repressed:0.47175622 downregulation:0.47071278 myc:0.4703184 atf3:0.4578755 shrnas:0.45138153 posttranscriptional:0.4512412 193b:0.44899607 gpnmb:0.44855297 coexpressed:0.4477009 dnmt3b:0.44673842 shrna:0.44669634

Aspect 27:
bcaa:0.55209994 intake:0.5206583 glycaemia:0.5196065 macronutrients:0.51604396 triglyceride:0.5055821 carnitine:0.50303656 phosphorus:0.49357048 glucose:0.4930278 nefa:0.49273092 lowering:0.489168 supplementation:0.48316276 glycemic:0.48300856 glycemia:0.48086536 glycated:0.48032787 a1c:0.47856477 triacylglycerol:0.47819626 albumin:0.47711253 hemoglobin:0.47193325 pufa:0.47181004 shbg:0.47012895 glargine:0.46933568 vitamin:0.46929306 tzds:0.4678936 glycaemic:0.46748105 multivitamin:0.4666512

Aspect 28:
age:0.68016684 male:0.6585228 female:0.6388132 sex:0.6044967 gender:0.553702 aged:0.53312933 men:0.520712 younger:0.5159716 older:0.4872414 ethnicity:0.4866395 old:0.47946596 young:0.4524517 middleaged:0.4390645 woman:0.4376493 girl:0.4227739 caucasian:0.41590157 boy:0.41232538 youngest:0.4108603 nationality:0.40661004 adult:0.40192747 nulliparous:0.39799482 married:0.3919323 cisgender:0.39008075 race:0.38932404 pubertal:0.3834092

Aspect 29:
icu:0.6755089 hospital:0.6621353 picu:0.60804904 micu:0.5716454 inpatient:0.5552026 ward:0.5436424 admission:0.5297719 intensive:0.52743983 nicu:0.5259687 cicu:0.511761 los:0.5008445 itu:0.49864444 sicu:0.49047276 hdu:0.48995686 pacu:0.48153847 hospice:0.48072344 prehospital:0.47931272 inhospital:0.47926003 stay:0.4770327 ricu:0.4709115 ventilator:0.4696594 bed:0.4683028 admitted:0.4664408 theatre:0.46498585 care:0.4637863

682774 bed:0.4667294 readmission:0.46663424 theatre:0.4659131

