Aspect 0:
steeper:0.34000385 chain:0.30029947 d6:0.29357386 diastolic:0.2910853 pressure:0.28997755 mass:0.28773102 systolic:0.28234363 κand:0.2811938 smoking:0.28026393 body:0.28013682 ferritin:0.27966225 d5:0.2791084 ast:0.27858216 d7:0.2777756 leptin:0.27573276 weight:0.27469188 pm:0.27289572 cholesterol:0.27020067 dimer:0.26841673 respectively:0.2664742 α1:0.2650403 fvc:0.2648343 globulin:0.2646551 ck:0.26212108 automaticity:0.26130524

Aspect 1:
fowler:0.5541916 characterized:0.31901944 sore:0.28214353 kb:0.25377136 cabin:0.23036581 subtype:0.22300988 abstraction:0.22212984 torsional:0.22005135 apparently:0.2145851 ventral:0.20801218 witnessed:0.20457157 ik:0.2021457 cooing:0.20129392 pma:0.19837646 gastrography:0.1938914 apparatus:0.19312403 whereby:0.18962689 master:0.1879096 postischemic:0.18215379 rsc:0.18214934 ur:0.18165484 evidenced:0.18141189 onwards:0.17830227 clarity:0.17690106 disgust:0.17682105

Aspect 2:
positive:0.31371588 linear:0.28886992 analysis:0.2730571 strong:0.27004087 inverse:0.26532483 regression:0.26222697 observed:0.25211847 negative:0.25024122 weak:0.24566197 showed:0.2385875 arrival:0.237452 result:0.23483524 revealed:0.23215841 moderate:0.2229537 statistical:0.21669164 altitude:0.21466005 indicated:0.21062768 radial:0.20974746 chbf:0.20795752 cant:0.20783347 heparanase:0.20537353 capsular:0.20504686 simple:0.20475942 however:0.20167996 fpsp:0.19708666

Aspect 3:
delusion:0.2485889 traveled:0.24484965 motif:0.23939726 cd45:0.22096133 rad001:0.20689812 probands:0.20497416 dutasteride:0.20056915 electronic:0.2005329 numerical:0.19816914 cochran:0.19782747 hypoxaemia:0.19727689 cvc:0.19195426 disgust:0.19050716 aim:0.18763553 pathologist:0.18704541 suite:0.18669301 partially:0.1860601 wb:0.18583238 cloud:0.18493772 cdk4:0.18379194 maturation:0.18342009 110mi:0.18241775 appreciable:0.18189988 ltr:0.1817057 wherein:0.17956313

Aspect 4:
match:0.55700016 rplus:0.555644 d6:0.3635937 chain:0.363483 d5:0.35847777 d7:0.33907032 mass:0.3352766 respectively:0.33218813 κand:0.3252374 smoking:0.32428974 body:0.32050195 automaticity:0.31821296 vigilance:0.3155769 support:0.30689 cholesterol:0.30646122 α1:0.30587336 globulin:0.30488968 ferritin:0.3040495 ldh:0.30293664 illness:0.3008421 diastolic:0.29594335 lactate:0.2936839 male:0.28995496 pm:0.28932875 ck:0.28773317

Aspect 5:
correlation:0.5671237 relationship:0.38012 association:0.3592706 found:0.3250249 observed:0.31633276 statistically:0.29425 significant:0.2923931 weak:0.29189634 inverse:0.2732479 linear:0.2657454 positive:0.2521873 moderate:0.2432715 trend:0.23936957 retrospective:0.23062389 strong:0.22978637 mild:0.22904958 difference:0.22012767 revealed:0.21795486 gp:0.21485573 moreover:0.21477048 negative:0.21445687 intramedullary:0.2131008 cant:0.2128874 trunk:0.21136546 shunt:0.21056662

Aspect 6:
tdo:0.4723309 clin:0.3162081 ido1:0.26671574 attributed:0.25949022 hint:0.24451521 doi:0.23926686 preprint:0.21749426 medrxiv:0.21729806 retinal:0.213272 msw:0.2099075 podx:0.20883252 org:0.20827602 postponing:0.20474516 stenosis:0.20337054 sed:0.19870347 lost:0.19775847 http:0.1971361 version:0.19587025 rgb:0.19494423 posted:0.19345215 piptaz:0.19159189 convalescence:0.19080032 rvot:0.19003983 holder:0.1882184 immunosuppressive:0.18790254

Aspect 7:
s1:0.7499021 single:0.74918747 rbd:0.749088 like:0.7475098 collagen:0.7453282 neutralization:0.7448492 pv:0.7446799 capture:0.74444175 upc:0.7440766 far:0.74349236 fast:0.7432797 nuclear:0.74325556 sequence:0.7431411 resistance:0.74284697 freeze:0.74273026 site:0.7422755 3b:0.74150217 sap:0.7412255 binding:0.7410195 artificial:0.7408686 delta:0.7407377 survival:0.74038154 5a:0.7403803 5b:0.7402901 vascular:0.74019957

Aspect 8:
il:0.66144663 expression:0.4262155 tnf:0.39067352 level:0.3811472 ifn:0.37073678 protein:0.3610533 elevated:0.35590178 bal:0.33501175 shorter:0.3298836 1β:0.32919446 plasma:0.32624292 reactive:0.31526172 baseline:0.30402505 including:0.29932126 mrna:0.29691225 2r:0.29442325 ace2:0.2903188 cytokine:0.27953523 interleukin:0.27456334 crp:0.27447778 inflammatory:0.27371222 admission:0.27363667 standardized:0.26860714 marker:0.2636926 gene:0.26336342

Aspect 9:
ambient:0.49287212 aff:0.39383215 contemporary:0.24266231 case:0.23762754 population:0.23590036 packet:0.2347405 rate:0.22890948 bls1:0.21709667 defines:0.21626478 α2globulins:0.21453735 ahs:0.21403384 c7c8:0.21226147 pwg:0.21060537 covid:0.20888385 manner:0.20493934 death:0.20024133 trophozoite:0.19932103 mortality:0.19868854 maintained:0.19816403 climatic:0.19747235 per:0.19580847 reagent:0.19447292 unemployment:0.19216174 pr:0.19119269 purpose:0.19110554

Aspect 10:
doi:0.2762238 version:0.262814 org:0.26050907 preprint:0.2573358 posted:0.2557325 medrxiv:0.2548019 http:0.25127292 holder:0.25044614 methacholine:0.2473009 copyright:0.24598649 gratitude:0.22563624 june:0.22260281 cdk4:0.22148424 may:0.2131103 crural:0.21194282 congestive:0.20603295 license:0.20483166 milder:0.20082656 ttp:0.19976866 exist:0.19663206 review:0.1950461 certified:0.19243401 cleavage:0.19240938 peer:0.19181836 df:0.19122526

Aspect 11:
sd:0.41964164 year:0.37403327 df:0.36461055 group:0.34678996 control:0.32901156 ci:0.32504654 v:0.3108926 mean:0.30678126 difference:0.30559525 min:0.30165893 old:0.2973113 ml:0.29304582 d1:0.28058535 condition:0.2799148 se:0.27534285 range:0.27432504 managing:0.2677886 compared:0.26286232 ae:0.26131126 org:0.26054114 median:0.25471577 d4:0.2544605 d2:0.25423223 trial:0.2528956 http:0.24990302

Aspect 12:
non:0.52182865 female:0.4256209 male:0.39613736 wbc:0.3372519 smoking:0.32214367 linear:0.30734274 showed:0.2798416 signifi:0.26684523 wc:0.2597992 significant:0.24560532 association:0.24445212 bandwidth:0.24377944 correlation:0.23707357 kiss1:0.23518722 bmi:0.23394725 tbf:0.23078617 cant:0.22947672 ptcco:0.22915481 sad:0.2258781 nonsmoking:0.22513819 regression:0.22253232 sst2:0.22235546 bia:0.21788302 result:0.21565068 difference:0.21561189

Aspect 13:
overlapping:0.26142964 significantly:0.25904763 ethnicity:0.25424683 59however:0.23126483 computed:0.22881311 exportation:0.22009067 superficialisation:0.2191611 serumfree:0.2152712 rd:0.2142577 antimyosin:0.21376047 ambiguity:0.20952392 participant:0.2090866 viraemia:0.20892854 meal:0.2037305 former:0.20133482 fiberoptic:0.20037538 plateau:0.19928327 pituitary:0.19920371 cytarabine:0.19855484 kcal:0.19495672 le:0.18946904 glycaemic:0.18890885 soil:0.18836519 earth:0.18553567 apparently:0.18219668

Aspect 14:
compared:0.35046694 pf0:0.3436874 ido1:0.2991165 incurred:0.26652807 pancancer:0.26216465 spot:0.26054677 uti:0.24285406 exchange:0.24188216 blotting:0.2396696 unstimulated:0.23945585 mind:0.22935483 hyperinfl:0.22176687 oginska:0.21641427 cd5:0.21302415 fowler:0.21278167 group:0.2094277 sole:0.20791274 lns:0.20316522 d1:0.20252894 negativ:0.19986641 dryness:0.19845 fiber:0.19683579 alive:0.19474036 compassion:0.1931875 apply:0.19016138

Aspect 15:
group:0.29236323 one:0.29148126 entropy:0.2856262 value:0.28327084 high:0.27970237 test:0.2738452 mean:0.26944038 tailed:0.2684034 activity:0.2670077 result:0.26130334 control:0.2604272 relative:0.25354213 change:0.2534749 duration:0.25301167 amplitude:0.25145474 gamma:0.2512522 12p35:0.25050855 invest:0.24962708 sample:0.24771774 medium:0.24682085 zero:0.24590719 analysis:0.2416272 three:0.23970562 treatment:0.23824587 indicated:0.23797348

Aspect 16:
count:0.5595725 cell:0.5493965 cd4:0.5296809 cd8:0.45810372 eosinophil:0.4171209 lymphocyte:0.40967166 ratio:0.4083303 platelet:0.40746897 neutrophil:0.3967538 cd34:0.38405496 peripheral:0.37906396 blood:0.36037374 infiltration:0.34981325 naïve:0.33908856 cxcr3:0.33540958 sputum:0.32213852 dnaïve:0.3193435 rte:0.3073394 absolute:0.30411074 drte:0.30250382 activation:0.30108163 pao:0.2891274 fio:0.28829855 inversely:0.2864481 negatively:0.28165957

Aspect 17:
spearman:0.38227093 pearson:0.2507536 coefficient:0.24600457 lowry:0.24001022 instructor:0.2360169 concurrent:0.23417807 analysis:0.2321326 hbm:0.22693299 chitotriosidase:0.22355483 solubility:0.22263719 rank:0.21527399 seroconversion:0.21179596 strand:0.20977771 lbi:0.2090678 shapiro:0.20733589 modern:0.20731297 revealed:0.20410009 suicidal:0.2033433 irrespective:0.19701433 agonistically:0.19602846 structured:0.1929974 quick:0.1927208 prince:0.19252607 quadriceps:0.18910308 gbm:0.18637721

Aspect 18:
regressed:0.26924017 adjustment:0.25566694 pat:0.22853199 abdomen:0.22718894 atherogenic:0.22709873 acceleration:0.22683686 bpd:0.22398514 onsd:0.22301237 d5:0.22239608 smoking:0.2216546 tar:0.21676984 d6:0.21658257 videoconference:0.21649963 chain:0.21338233 cuticle:0.21048036 respectively:0.20597716 infiltrating:0.20401129 inactive:0.2035175 male:0.20351355 unvaccinated:0.20331924 tdo:0.20280403 ecg:0.202456 female:0.2006853 galenic:0.20065787 suv:0.20016605

Aspect 19:
day:0.6277719 first:0.3534781 number:0.33411327 initial:0.31755129 ventilation:0.30302674 size:0.29357326 cd34:0.29094326 mechanical:0.28862518 cell:0.27720878 sts:0.25393963 modestly:0.23682609 accommodation:0.23344204 total:0.23260725 possibly:0.23021254 population:0.22887638 cd8:0.22597417 tyg:0.22428405 sexual:0.22292589 cd4:0.20968083 montana:0.20884743 monoexp:0.20873205 axis:0.2081628 pagi:0.2074954 proteinase:0.20270312 nonsynonymous:0.20173794

Aspect 20:
entropy:0.37562093 one:0.3501553 tailed:0.32670194 medium:0.2805357 high:0.2754311 zero:0.26057628 condition:0.25956708 alteration:0.25350845 test:0.23875868 gamma:0.23872972 hy:0.2343868 low:0.23434597 spet:0.22509997 periostin:0.22194771 departing:0.22031435 careful:0.22019777 participant:0.21467803 difference:0.2052409 founder:0.20164223 onwards:0.19880757 sample:0.19818968 pdr:0.19719961 control:0.19638108 loneliness:0.19447899 paid:0.19152978

Aspect 21:
anxiety:0.536129 depression:0.5024253 symptom:0.4383334 higher:0.3858617 social:0.37251744 support:0.35990167 perceived:0.35788128 time:0.35342288 lower:0.34269947 stress:0.34024265 self:0.3187235 score:0.31013775 reported:0.3048362 phq:0.29927284 pain:0.29923368 history:0.2796387 severity:0.27689674 relative:0.26909497 onset:0.26840118 parent:0.2676146 coping:0.26187795 scale:0.26012 disease:0.25940907 qol:0.252886 dt:0.25116122

Aspect 22:
axis:0.37389886 expression:0.3710223 negatively:0.37068272 gene:0.35630262 index:0.34243456 positively:0.3339375 major:0.31770405 significantly:0.31663758 along:0.2882229 ace:0.28270888 activity:0.2729329 gc:0.26623464 mrna:0.2635016 logarithmic:0.25876546 also:0.25569662 ace2:0.2541867 position:0.2520067 gcd:0.25035298 change:0.24838874 coordinate:0.23840481 second:0.23739564 xenograft:0.23601767 dosage:0.22561565 inversely:0.22492874 bentonite:0.22107612

Aspect 23:
correlated:0.48083696 related:0.29822242 unfavorable:0.27743593 associated:0.25602353 gleason:0.21502429 segmental:0.20622954 thirty:0.19939151 robust:0.19699478 housework:0.19258942 foot:0.18847278 prostate:0.18582276 egalitarianism:0.18550047 predisposition:0.18361709 ppv:0.18361272 sagittal:0.18252492 lost:0.18140694 refusal:0.17709133 respectivly:0.17667145 lateralis:0.1760033 tempnemo:0.1741477 intraoperative:0.17398188 fish:0.17379063 day3:0.17345515 adipose:0.17301592 δacpo:0.17254645

Aspect 24:
predicted:0.4748872 fev1:0.4152409 fvc:0.3976089 fev:0.39593238 change:0.34341902 volume:0.3255682 fef:0.30446965 cfq:0.28296405 function:0.28269714 domain:0.28165302 systolic:0.27686948 pressure:0.27639806 diastolic:0.2743873 negatively:0.27357683 second:0.27242208 index:0.26624966 secondary:0.2645312 sputum:0.26385444 outcome:0.26385432 gc:0.26147938 feno:0.2596371 axis:0.2585048 mass:0.2568587 leptin:0.2567584 cholesterol:0.25563735

Aspect 25:
tdo:0.35535163 tcirc:0.28235847 autophagy:0.24023521 eleven:0.23035309 eob:0.2278926 basophilic:0.21032107 paid:0.20784913 striatum:0.20527637 sunshine:0.20295355 box:0.20267922 tlco:0.19884697 hyperemic:0.19716236 rshdspp4:0.19517621 retosiban:0.19490765 metamer:0.18932351 palpable:0.18828182 r2a:0.18795705 dfrailty:0.18747962 ns1:0.18716964 wavelet_hll_glrlm_:0.18706718 hepatoma:0.18653181 ecsod:0.18450013 leukemia:0.18380886 polymyositis:0.18184756 iai:0.18146998

Aspect 26:
concentration:0.65113723 serum:0.6035546 antibody:0.46264747 calf:0.45286244 plasma:0.43478954 level:0.43368837 colostral:0.40057987 igg:0.39436027 sodium:0.39205778 bun:0.36544305 iron:0.36139208 anti:0.34968656 acid:0.34856477 protein:0.3410383 creatinine:0.3406569 gangliosides:0.32690078 sdma:0.32544905 uric:0.32528266 urinary:0.32196283 patient:0.30549467 group:0.30531666 tn:0.30497226 albumin:0.30250415 baseline:0.3003374 crp:0.29583263

Aspect 27:
score:0.6206826 anxiety:0.4707156 depression:0.46745664 total:0.40957016 phq:0.38695717 age:0.38584566 stress:0.38000774 higher:0.37527108 scale:0.36841708 domain:0.3552308 symptom:0.3537901 perceived:0.35096928 pain:0.3502888 parent:0.3498872 coping:0.34426135 gad:0.33915475 self:0.33763915 sasr:0.33466914 ct:0.3345175 sa:0.33035707 support:0.3264077 cfq:0.31809187 lower:0.31671166 qol:0.3146209 respiratory:0.311871

Aspect 28:
covid:0.7282498 mortality:0.6725533 case:0.6681224 per:0.6605536 death:0.65074444 rate:0.6424406 risk:0.5978442 daily:0.5910233 fatality:0.555366 county:0.5495255 prevalence:0.547621 caput:0.5278547 personal:0.5221213 term:0.5167553 crisis:0.5134547 population:0.5126484 country:0.5107388 search:0.50905323 factor:0.5065244 severe:0.5052322 information:0.5021927 progression:0.50054574 disease:0.49881566 million:0.4981786 infection:0.4967389

Aspect 29:
significant:0.29305047 fds:0.28007066 coefficient:0.26484233 augmentation:0.2340793 microparasites:0.23182818 pel:0.23068666 146b:0.22976705 weak:0.21851681 autophagy:0.21667905 pearson:0.21069114 strong:0.20726918 coated:0.20489198 regressing:0.2044709 monoinfection:0.20315304 spearman:0.20265678 moderate:0.20175965 inverse:0.20043287 izn:0.19756486 ido1:0.19511367 ketamine:0.19310245 duwl:0.19237396 positive:0.19166528 pf0:0.18956992 mtr:0.18865183 p229:0.18835044

122 ido1:0.1937501 mtr:0.19328037 pf0:0.18971884 α2globulins:0.18754785

