Aspect 0:
tlr4:0.641832 mrna:0.6114913 myd88:0.6083108 akt:0.60738087 downregulated:0.6054216 tlr3:0.60295546 tlr7:0.5999706 phosphorylation:0.5932408 κb:0.5919376 expression:0.587968 cd22:0.58523285 camp:0.5823568 pkr:0.5816394 syk:0.58077085 upregulated:0.57905877 transcription:0.57818186 tlr2:0.5778738 mdm:0.5771649 upregulation:0.573992 tmprss2:0.5719247 phosphorylated:0.56955475 downregulation:0.5678092 jun:0.56321937 ptprc:0.5611753 inhibits:0.56025636

Aspect 1:
feeling:0.65844095 government:0.6308259 leave:0.6279422 felt:0.62452614 duty:0.6223308 responsibility:0.6203966 sector:0.6202781 thing:0.62002695 conflict:0.6199241 barrier:0.6183803 anxious:0.61733425 help:0.61672556 financial:0.61342734 engagement:0.61306673 spiritual:0.6123376 trust:0.60922045 religious:0.60746455 thought:0.5996891 belief:0.5995754 feel:0.59658134 willingness:0.595881 avoiding:0.59298027 distancing:0.59199536 commitment:0.5907974 virtual:0.5900032

Aspect 2:
day:0.75419104 7th:0.40788788 5th:0.39968157 14th:0.38586047 beginning:0.38210782 weaning:0.36242494 6th:0.35850704 kitten:0.35596728 interquartile:0.35560244 vac:0.34675962 4th:0.34508005 initiation:0.3428502 2nd:0.3393926 randomization:0.3384809 sixth:0.33841172 oseltamivir:0.3377675 defervescence:0.3374729 minute:0.33594432 dpc:0.33454764 anc:0.33443806 3rd:0.33272633 lift:0.3296175 lasted:0.326266 remdesivir:0.3229742 inoculation:0.32198906

Aspect 3:
significant:0.7810507 statistically:0.48997593 difference:0.34377688 insignificant:0.33853155 existed:0.32475972 slight:0.31272405 cant:0.2984904 vtec:0.2839024 obvious:0.27865052 statistical:0.27748877 nonsignificant:0.27164578 modest:0.26782888 acr4:0.26648283 hdmp:0.2647493 remarkable:0.26467606 symbol:0.26462662 marked:0.26100945 asterisk:0.2592355 ilknur:0.25648618 obsese:0.25571173 skeptical:0.25559193 apparent:0.25411716 considerable:0.25267318 jersey:0.2521497 intergroup:0.2509424

Aspect 4:
auto:0.64646137 sct:0.64631265 efs:0.6439618 dfs:0.637172 allo:0.63649225 o:0.62782437 dli:0.6249669 grfs:0.62480146 ric:0.62091696 mrd:0.61893624 mac:0.61827755 leukemia:0.614105 aml:0.61035323 allosct:0.60650355 mud:0.6059036 sib:0.6035737 relapse:0.6024262 cir:0.6021015 msd:0.6000302 urd:0.59683526 rf:0.5963626 cr2:0.59547377 pfs:0.5930472 chemo:0.59120655 cr1:0.58844686

Aspect 5:
potassium:0.5348136 sdma:0.53463584 cystatin:0.5283313 adma:0.51694 creatinine:0.5017686 neopterin:0.49914646 pth:0.49533808 phosphorus:0.4929962 gangliosides:0.4841111 sua:0.48222724 ferritin:0.47532606 bun:0.46968287 alp:0.4678428 probnp:0.46765208 urea:0.45577174 tni:0.45484722 hscrp:0.4545262 alkaline:0.45368934 uric:0.45248652 phosphatase:0.4446271 ammonia:0.4433322 transferase:0.44324255 ctni:0.44193378 fibrinogen:0.44152403 troponin:0.44150138

Aspect 6:
229e:0.6224926 rotavirus:0.6118951 adenovirus:0.60214186 nl63:0.5965634 hcov:0.5940211 mycoplasma:0.59181243 influenzae:0.58374333 hku1:0.5792424 pneumoniae:0.5784675 giardia:0.57495904 oc43:0.5718525 piv:0.56813693 streptococcus:0.56727445 parainfluenza:0.5670185 isolate:0.5625139 coinfections:0.5592146 coronaviruses:0.55910003 enterovirus:0.55779153 felv:0.5558957 hmpv:0.5524086 piv3:0.551298 swab:0.54886645 hev:0.54452926 nasopharyngeal:0.5387571 k99:0.53433365

Aspect 7:
race:0.46537444 parity:0.46459168 age:0.46292382 ethnicity:0.44207644 height:0.42557305 intact:0.41868585 sex:0.40875393 accounting:0.39850706 gender:0.39557338 maternal:0.39489916 birth:0.39230692 male:0.38913345 gdm:0.3787307 occupation:0.37335128 gestational:0.36637115 breeding:0.36629784 african:0.36269546 overweight:0.3556007 apoe:0.3450076 stratifying:0.34418395 neuter:0.3425562 asian:0.34171644 bia:0.33955854 obesity:0.3385907 covariates:0.33803183

Aspect 8:
v:0.54415405 cvl:0.541866 msec:0.5235786 vs1:0.5088066 für:0.5031216 vs0:0.49813184 µsi:0.4923117 ci95:0.48866296 bpm:0.4843428 nach:0.48367685 pmol:0.48128408 bei:0.4750786 49pg:0.46045417 und:0.45365003 logmar:0.4524126 an:0.44925997 chy:0.4470293 una:0.4469872 resp:0.44333676 52pg:0.4428004 vs4:0.4417315 fmol:0.43901134 germline:0.43115327 i3:0.42690796 signifikant:0.42648348

Aspect 9:
lateral:0.6935731 wall:0.6766397 esophageal:0.65632147 anterior:0.640066 septum:0.63554096 perilesional:0.6349674 thick:0.6328182 diastole:0.62581766 diameter:0.61918795 systole:0.61874473 macroscopic:0.6183685 proximal:0.61546373 cranial:0.613525 depth:0.6120973 medial:0.6097717 dorsal:0.60327435 sagittal:0.60203207 parenchymal:0.5996292 bladder:0.5991181 extremity:0.5955249 extension:0.5916364 stenosis:0.5895138 angle:0.58661234 neck:0.58626366 preservation:0.5861176

Aspect 10:
cubic:0.64285254 calibration:0.64131755 frameshifting:0.6300912 plotted:0.62019336 constructed:0.61650026 hosmer:0.6161984 goodness:0.6148355 lemeshow:0.6021118 fitting:0.59935826 bayesian:0.59866595 clock:0.59372926 proposed:0.5920401 equation:0.5870288 spss:0.58663815 constraint:0.5849577 theoretical:0.58071226 dataset:0.57878554 build:0.57633257 divergence:0.57368547 aim:0.56742543 wavelet:0.5638879 obtain:0.56369317 software:0.56285393 perfect:0.5614174 fitted:0.56063217

Aspect 11:
mecanical:0.6380274 reoperation:0.6203086 intravascular:0.6173931 reintubation:0.61207485 ventilator:0.6103167 hypotension:0.60067034 mechanically:0.59787136 diuretic:0.59350413 tracheotomy:0.5918474 bloodstream:0.58853185 anastomotic:0.5847587 aspiration:0.5811142 cardiopulmonary:0.5786691 cardiogenic:0.5740569 tracheostomy:0.5703522 arrest:0.5657995 requirement:0.5610313 unplanned:0.5581709 aggregate:0.55723953 leakage:0.5570444 endotracheal:0.54929674 leak:0.5484137 admittance:0.54835665 shock:0.5480384 ventilated:0.54773605

Aspect 12:
patient:0.80253154 subject:0.46647394 prerace:0.29933217 dnb:0.29617423 participant:0.29584184 critically:0.28500617 discharged:0.28311932 mastication:0.28121948 endotoxinemia:0.2807131 dfdc:0.2754616 admitted:0.27293757 oxybate:0.27059144 individual:0.26233917 filice:0.261883 eventually:0.26107585 stereotactic:0.25969893 trimetoprim:0.25946915 deceased:0.25764316 3hp:0.25415695 develop:0.25137764 bacteriemia:0.24980918 street:0.24698424 child:0.24688257 blade:0.24510431 recipient:0.24198583

Aspect 13:
supplemented:0.6170682 pullet:0.5859655 sdp:0.57994413 replacer:0.566338 sdpp:0.56445456 fed:0.5640897 flaxseed:0.56218314 feed:0.5518749 corn:0.54834104 sdbp:0.54775107 formaldehyde:0.5455172 rice:0.5422904 oxytocin:0.5403763 qa:0.5403114 agg:0.5401269 leu:0.5391643 hfd:0.53804994 heifer:0.5338395 dam:0.5320689 broiler:0.530216 dried:0.52826464 postprandial:0.5276483 steer:0.5244525 wheat:0.51919913 uvsdpp3:0.51879644

Aspect 14:
cell:0.65589345 effector:0.6080587 cd19:0.60018396 mononuclear:0.5983762 cd8:0.59500194 cd27:0.5633874 cd16:0.55869424 cd4:0.5585303 cd45ra:0.55823636 nk:0.55645156 monocyte:0.5484543 cd21:0.5462383 cd56:0.54209447 cd3:0.54024863 lymphocyte:0.5364332 bright:0.53518593 cd5:0.532421 immature:0.52734685 rte:0.5262758 subpopulation:0.5200772 dnaïve:0.5198417 nkt:0.51948303 granulocyte:0.51398253 cd57:0.5137892 cd25:0.5090009

55

