Aspect 0:
inhaled:0.7106334 prophylactic:0.63618886 amantadine:0.6211216 dosing:0.6085568 dosage:0.5963991 prescribed:0.58761275 sulfate:0.5860784 topical:0.5845527 suspension:0.5767664 rescue:0.5755848 chloroquine:0.56709045 therapeutic:0.566482 application:0.55977 antifungal:0.55878973 antibacterial:0.55743754 tobramycin:0.55404896 cocaine:0.55355406 ketamine:0.5533022 nsaid:0.55168056 hts:0.5486022 intravenous:0.5469414 methylprednisolone:0.54374397 empirical:0.5384021 switching:0.53318244 empiric:0.5315182

Aspect 1:
positive:0.7312871 negative:0.48026916 positivity:0.42112827 influenzae:0.36149234 aerobic:0.35956487 giardia:0.34866834 seropositive:0.3452117 difficile:0.34453875 mycoplasma:0.3434971 catarrhalis:0.34215617 specimen:0.33661303 bacteria:0.32510597 pneumoniae:0.32356972 haemophilus:0.32249784 nasopharyngeal:0.31983194 pharyngeal:0.31579322 hpiv:0.31370497 adenovirus:0.3132643 nl63:0.3117266 gram:0.30966908 oc43:0.3094427 detection:0.30879518 staphylococcus:0.30842966 hku1:0.30392027 229e:0.30289552

Aspect 2:
rhinorrhea:0.5275208 bronchiectasis:0.51327866 wheezing:0.4891802 congestion:0.4805001 bronchiolitis:0.47809312 runny:0.47521552 cough:0.47493744 throat:0.4603644 myalgia:0.46015352 sneezing:0.45953202 rash:0.45800433 discomfort:0.45605123 nose:0.44922 chill:0.436263 hrv:0.4352162 vomiting:0.43149096 coryza:0.42932582 urti:0.42858487 headache:0.42412925 exacerbation:0.4174992 dyspnea:0.41655967 nausea:0.41425338 wheeze:0.4107501 arthralgia:0.41037658 sore:0.40740672

Aspect 3:
wir:0.4838186 hasmcs:0.4535021 cxcl12:0.45268202 jp2:0.4519745 menge:0.45194837 v9:0.44765747 konnten:0.44683516 microrna:0.4430516 ivtt:0.44281805 spiegel:0.4420541 evts:0.439881 oxide:0.43772468 vitro:0.43577075 ergebnisse:0.43548724 jp:0.4354837 korrelierte:0.43475926 der:0.43473026 unter:0.43240678 j2:0.43023914 mult:0.43017447 konnte:0.42612067 zeigte:0.42609423 license:0.4259795 c12:0.42484143 aet:0.42391992

Aspect 4:
test:0.64142513 unpaired:0.6253729 wallis:0.6107578 tukey:0.5972699 mann:0.5959637 whitney:0.5861206 tailed:0.5816635 kruskal:0.5771564 wilcoxon:0.56471884 dunn:0.5574815 bonferroni:0.5451978 dunnett:0.53895485 signed:0.5291792 exact:0.5276104 kramer:0.517676 paired:0.51401126 hsd:0.51258934 hoc:0.5123892 fisher:0.5071968 graphpad:0.4938142 welch:0.4854309 asterisk:0.48079613 correction:0.47810742 chi:0.47749847 anova:0.47741744

Aspect 5:
stay:0.5680426 endotracheal:0.5533563 ventilator:0.5420755 tracheostomy:0.5276797 intubation:0.5232082 picu:0.5170641 reintubation:0.5103657 readmission:0.4972036 length:0.47876766 requirement:0.47608683 reoperation:0.47247577 drain:0.47242445 unplanned:0.4680335 imv:0.4660551 postoperatively:0.46546987 robotic:0.46358746 gastrectomy:0.46292946 mechanically:0.46067545 pards:0.4563276 lymphnodes:0.45436984 hfnc:0.4543352 icu:0.45382333 ecmo:0.45326442 day:0.45248306 eti:0.45169377

Aspect 6:
pmol:0.39751554 rho:0.39283025 msec:0.3894158 cvl:0.3835981 ug:0.34894133 1nm:0.3452032 nmol:0.34310365 df:0.33989954 r:0.33886683 au:0.3305214 49pg:0.32318947 mdn:0.32305068 à1:0.32076877 coi:0.3191316 à2:0.31856757 log10:0.318249 q2:0.31348938 iu:0.31297392 npv:0.31047875 ϫ0:0.30933493 aeci:0.30872053 minute:0.30403286 crcl:0.3010181 μmol:0.30043995 µm:0.29669625

Aspect 7:
heavier:0.52393067 fat:0.52265877 consumed:0.5162355 breeding:0.5129403 intake:0.49434403 gain:0.49340627 pup:0.488625 height:0.48231325 asm:0.481224 lean:0.47678387 calorie:0.4689818 tlm:0.4688922 circumference:0.4684177 weight:0.46546108 body:0.46456566 offspring:0.4628858 fbg:0.45963675 adiposity:0.45950598 carcass:0.45351407 leptin:0.45241883 bw:0.44591522 baby:0.4452886 bf:0.44224313 dmi:0.44055393 tg:0.43876615

Aspect 8:
linearity:0.5604781 fitted:0.549883 amplification:0.5370817 frameshifting:0.5287549 constructed:0.51601934 theoretical:0.51242125 equation:0.4982678 plotted:0.4902544 calibration:0.48512068 perfect:0.48013085 clock:0.477493 binary:0.4767053 excellent:0.47037342 concordance:0.46274918 cubic:0.46139896 prediction:0.46093315 quite:0.45813936 hosmer:0.45206192 capture:0.45199317 siemens:0.45099592 quantify:0.44940722 detail:0.4493125 aim:0.44926214 goodness:0.44436908 calculation:0.44275528

Aspect 9:
significant:0.4006205 wei6ht:0.2724582 interspecific:0.25533593 acam1000:0.25407058 strong:0.25091845 i870_gp1:0.24908893 weak:0.24756944 inverse:0.24606872 ved:0.23906748 hyalen:0.2372335 30vs71:0.23647459 negative:0.23582357 b62:0.23580578 transplantion:0.23555954 dissimilar:0.2291331 cte:0.22845423 ccl81:0.22811846 laryngology:0.22390872 mop:0.22247386 admit:0.22220361 emphasised:0.2213938 seroprotective:0.2207139 adnexal:0.21916446 120and:0.21715865 comd:0.21667603

Aspect 10:
serum:0.5884831 creatinine:0.55612826 urea:0.5434015 fibrinogen:0.5284905 sodium:0.52010596 potassium:0.51623535 bun:0.5154966 ctni:0.5139932 phosphorus:0.5102086 creatine:0.50807106 alkaline:0.5070485 phosphatase:0.5069708 alp:0.50461066 bilirubin:0.50371057 ck:0.50307655 uric:0.5023134 alanine:0.5017192 calcium:0.50120425 transferase:0.50085425 troponin:0.49664438 ferritin:0.4922311 sdma:0.49016386 phosphate:0.48489884 crp:0.48117313 probnp:0.4753108

Aspect 11:
efs:0.5114826 sct:0.491723 allo:0.4907798 relapsed:0.48958227 wt1:0.4831357 pfs:0.47585315 allosct:0.46875402 asct:0.46639374 rf:0.46549028 auto:0.4608248 grfs:0.4520691 dli:0.45099396 autosct:0.4495435 haplo:0.44941482 relapse:0.44402355 dfs:0.44031954 mrd:0.43854457 actuarial:0.4374597 trm:0.43730032 chemo:0.43591505 yr:0.4342587 ggf:0.43196827 vgpr:0.4303198 aml:0.42433453 3y:0.42420432

Aspect 12:
age:0.78922457 sex:0.5285194 gender:0.48325738 multivariable:0.4827565 adjusting:0.46208358 accounting:0.446824 race:0.44166636 ethnicity:0.43591705 covariates:0.41872808 nonshockable:0.40082222 allohsct:0.39904055 logistic:0.39703825 covariate:0.39658052 31y:0.39444163 parity:0.39204708 confounders:0.39028805 confounding:0.38470417 stratifying:0.3810853 neuter:0.37738523 cbd:0.37365943 breastfeeding:0.37136722 persisted:0.3685128 fb:0.3651328 bame:0.3636385 slnb:0.36116073

Aspect 13:
feeling:0.60815835 belief:0.5697771 fear:0.56470025 trust:0.56287307 desire:0.5623745 personal:0.562219 coping:0.5583021 literacy:0.5566639 responsibility:0.55147994 social:0.549533 norm:0.54542994 emotional:0.5436636 awareness:0.543006 professional:0.5420015 duty:0.5372331 willingness:0.53607863 participation:0.53429544 friend:0.52921915 perception:0.5285015 qualification:0.52804875 anger:0.5279884 economic:0.5278251 satisfaction:0.5272152 barrier:0.5270473 anxiety:0.52693844

Aspect 14:
amino:0.5247354 synonymous:0.518088 hydrophobic:0.51535714 terminal:0.51514137 deviate:0.5037497 fast:0.49930277 nonsynonymous:0.49437523 hvr1:0.49346596 contains:0.49124643 fitness:0.4869902 stop:0.48476678 hydrogen:0.47804898 ε4:0.4775596 gpc:0.47477335 pufa:0.47467124 p14:0.47171155 fst:0.46792942 branch:0.46719393 promoter:0.4641521 upstream:0.46264806 labelling:0.46261814 nrw:0.46254632 execution:0.46188086 rex:0.4609254 wa1:0.46076325

Aspect 15:
woman:0.518212 confident:0.44808814 men:0.44153666 married:0.4221152 educated:0.4206503 qualified:0.4150988 advised:0.4144041 insured:0.4083053 recruited:0.39882964 anaesthetising:0.39611262 live:0.3950584 hypofractionation:0.39205563 mentor:0.39149183 vaginal:0.3872857 fogging:0.38580343 quit:0.38346517 become:0.38268018 perceive:0.38125166 satisfied:0.37969422 african:0.37841332 visited:0.3745801 heu:0.37121403 baby:0.37036443 veterinarian:0.36975187 american:0.36967027

Aspect 16:
inspiratory:0.5555901 arterial:0.5489111 ejection:0.5473931 pressure:0.53204674 cbf:0.5101035 expiratory:0.50645113 diastolic:0.4948467 detrusor:0.4926176 plateau:0.49110413 tidal:0.48272166 map:0.4816185 transpulmonary:0.47890943 velocity:0.47838473 wedge:0.4771271 cmh:0.47695294 artery:0.47421193 gradient:0.4706322 echocardiography:0.47003782 paco:0.46853164 shunt:0.4666907 insp:0.4650288 systolic:0.46463442 cpp:0.46420807 gedvi:0.46113145 saturation:0.46003342

Aspect 17:
rplus:0.41170746 match:0.40768838 neu:0.39455575 rsp:0.39078864 κand:0.38102168 begg:0.37611762 globulin:0.36908567 noninvasive:0.36455724 fvc:0.36420944 d4:0.36133757 gp3:0.35889694 egger:0.35448325 pred:0.35395482 psi:0.35333872 h:0.35326272 alc:0.34768105 crp:0.34729528 d3:0.3459385 spo:0.3406067 etoposide:0.33674097 uln:0.3361454 α1:0.3341897 gp1:0.3339651 bid:0.33334592 ldh:0.33290443

Aspect 18:
patient:0.6406317 cdh:0.49206114 subject:0.48275435 forty:0.46885252 discharged:0.4590876 icpms:0.45614332 eventually:0.45317864 patent:0.45162615 notruedefect:0.44622865 truedefect:0.44449723 amiodarone:0.4430877 ida:0.44292265 undertreated:0.43814012 herniasac:0.4371529 converted:0.43427822 eligible:0.43332943 icpm:0.43084118 opposed:0.4282088 avr:0.42676765 lne:0.4259638 surviving:0.41945085 historical:0.41545814 lapse:0.41512352 overtreated:0.41470563 underwent:0.41392556

Aspect 19:
cd19:0.6102841 lymphocyte:0.5908768 cd16:0.57746804 effector:0.5677501 cd8:0.5607637 count:0.5589551 cd4:0.55701244 cd3:0.5555291 cd27:0.55482996 monocyte:0.55126995 cd21:0.5508426 nk:0.54745793 cd45ra:0.5416219 cd56:0.538622 mononuclear:0.5339575 cd5:0.53119576 immature:0.52937883 subpopulation:0.52828175 cell:0.52015924 bright:0.51674026 rte:0.51342446 granulocyte:0.5101881 dnaïve:0.50611997 cd25:0.50487274 cd57:0.49815094

Aspect 20:
fatality:0.5575601 italian:0.55496866 million:0.5501556 district:0.5277592 population:0.5008534 country:0.4812111 100k:0.47062266 australia:0.47053027 epidemic:0.47035772 nation:0.46894914 city:0.46345517 inhabitant:0.45747972 mainland:0.45662206 italy:0.45471665 april:0.45225507 united:0.44840562 province:0.44560155 nosocomial:0.4423123 sympt:0.44185823 shenzhen:0.43191832 national:0.43103465 attributed:0.4283592 journal:0.42721426 hong:0.4267567 county:0.4248731

Aspect 21:
axis:0.52186644 look:0.3640874 scenario:0.34996504 moment:0.3490708 information:0.3485623 p3:0.34758085 attribute:0.3370235 coordinate:0.33654088 order:0.32165694 highly:0.31817126 try:0.31457663 generation:0.31133932 second:0.31111413 message:0.3088995 substitute:0.30516458 psychosocial:0.30354935 mathematical:0.3003397 polynomial:0.29925936 dimensional:0.29845357 choosing:0.29184514 p2:0.29056156 special:0.29045048 reservoir:0.28926724 closely:0.28787315 shelter:0.28619444

Aspect 22:
http:0.4970087 org:0.47464687 august:0.4687506 posted:0.46311098 june:0.45442498 september:0.45255107 biorxiv:0.42494118 doi:0.4237776 october:0.4182055 holder:0.4093287 preprint:0.40381727 elasticity:0.40166938 pve:0.3921863 july:0.390521 15th:0.3885946 gblup:0.38761055 frontiersin:0.38750312 journal:0.38247204 version:0.38010198 copyright:0.37812352 preprintthe:0.37742662 exponent:0.37467396 medrxiv:0.37309372 march:0.37090063 ppat:0.3692183

Aspect 23:
disease:0.6015985 mellitus:0.5381395 autoimmune:0.5171945 obstructive:0.5122953 hypertension:0.5078727 nephropathy:0.5023126 cardiovascular:0.49809542 diabetes:0.49709347 cld:0.48601994 coronary:0.48341128 obesity:0.48215127 cerebrovascular:0.4735374 tuberculosis:0.47285733 congestive:0.46728116 hyperlipidemia:0.46700507 nafld:0.4667674 preexisting:0.46443313 underlying:0.45886427 immunosuppression:0.45697942 cad:0.45608544 anaemia:0.45235613 thromboembolism:0.44659054 dyslipidaemia:0.44555524 reflux:0.4439959 developing:0.44212112

Aspect 24:
vlps:0.5651648 inactivated:0.55682945 immunized:0.5358561 m41:0.53461623 h120:0.5314404 orally:0.5313233 ompa:0.5296064 vsv:0.5278547 alum:0.52636147 splenocytes:0.52349 intramuscular:0.52330476 ndv:0.51924765 rfpv:0.51864195 c57bl:0.517785 mab:0.5167671 pvax1:0.51410127 prime:0.5113978 rs1:0.51067656 f1s1:0.5090496 vaccinated:0.5087798 il18:0.5049021 igg2a:0.5037289 lactis:0.50328577 beaur:0.5024548 challenged:0.50174373

Aspect 25:
für:0.49837476 gruppe:0.49697542 signifikant:0.49255213 nach:0.48559183 den:0.48478955 patienten:0.48151335 sich:0.4760257 korrelierte:0.47536635 zwischen:0.47398907 war:0.47277457 einer:0.47222757 eine:0.47185773 zu:0.46552765 mit:0.46350095 vergleich:0.4632274 zeigte:0.4611643 prevalencia:0.45994657 este:0.45889142 más:0.4566329 dem:0.45492107 der:0.45476842 deg:0.45382246 fue:0.45203638 zeigten:0.44847238 einen:0.4464727

Aspect 26:
il:0.5392117 tnf:0.50637805 fgf:0.47785538 delta:0.4701492 opg:0.45169383 osteoprotegerin:0.43499544 ptd:0.42368996 gamma:0.42276654 cst5:0.4201431 2r:0.41816086 adiponectin:0.41745618 1β:0.41215733 1ra:0.41151664 il13:0.40477815 cystatin:0.39947492 secretion:0.39927167 pai:0.399073 sil:0.39842755 interleukin:0.39677447 epoch:0.3950933 vegf:0.39356166 1beta:0.39017618 leptin:0.38941067 1α:0.3874101 6r:0.38045573

Aspect 27:
depth:0.6490345 ductal:0.6446279 tumour:0.63668084 5cm:0.6354647 papillary:0.6173066 uicc:0.6167886 peritumoral:0.61232054 breslow:0.6066823 pt3:0.6061524 colorectal:0.600419 adenocarcinoma:0.5986432 thick:0.5943123 2cm:0.5930982 luminal:0.5903089 stromal:0.58895946 intratumoral:0.58362395 mucinous:0.5798783 hcc:0.5776205 iliac:0.57636267 carcinoma:0.5761808 1cm:0.57520485 locally:0.5739489 tumor:0.5727173 extension:0.57266945 capsular:0.5726046

Aspect 28:
score:0.8480661 scale:0.29185057 npet:0.2739458 sofa:0.2660242 peg1:0.26108783 nonprogressors:0.25822103 scored:0.2563212 amounting:0.25468373 nephric:0.25464168 radioembolization:0.2546211 medulloblastoma:0.2517736 dglucose:0.25139272 hyperpolarizing:0.24989766 inoculationanimal:0.24862689 445y:0.24108386 seamount:0.23996192 relazione:0.2387928 rmt:0.23759538 unconstrained:0.23743497 assessment:0.23627007 perlungual:0.23335604 incompletely:0.2332484 biventricular:0.2326529 lester:0.23074727 ccccgaattcttagtttgtctaataa:0.23045903

Aspect 29:
expression:0.54859453 mrna:0.52565825 gene:0.49071613 downregulated:0.45642027 upregulated:0.44003063 regulated:0.40006548 promoter:0.39049432 polymorphism:0.3627606 tlr4:0.35442394 knockdown:0.35363615 camp:0.35130602 overexpression:0.34138408 tlr2:0.34010047 pathway:0.33340082 snp:0.33222988 upregulation:0.33209267 transcription:0.3318848 tmprss2:0.32955134 akt:0.3280974 phosphorylation:0.32762167 transcript:0.32736596 tlr7:0.32323247 transfected:0.31395864 vdr:0.31002808 ligand:0.31001508

31016028

